› Opening emulator Medium_Phone_API_35
› Skipping dev server
› Building app...
Configuration on demand is an incubating feature.
> Task :expo-gradle-plugin:expo-autolinking-settings-plugin:checkKotlinGradlePluginConfigurationErrors SKIPPED
> Task :expo-gradle-plugin:expo-autolinking-plugin-shared:checkKotlinGradlePluginConfigurationErrors SKIPPED
> Task :gradle-plugin:settings-plugin:checkKotlinGradlePluginConfigurationErrors SKIPPED
> Task :gradle-plugin:shared:checkKotlinGradlePluginConfigurationErrors SKIPPED
> Task :expo-gradle-plugin:expo-autolinking-settings-plugin:pluginDescriptors UP-TO-DATE
> Task :gradle-plugin:settings-plugin:pluginDescriptors UP-TO-DATE
> Task :expo-gradle-plugin:expo-autolinking-settings-plugin:processResources UP-TO-DATE
> Task :gradle-plugin:settings-plugin:processResources UP-TO-DATE
> Task :gradle-plugin:shared:compileKotlin UP-TO-DATE
> Task :expo-gradle-plugin:expo-autolinking-plugin-shared:compileKotlin UP-TO-DATE
> Task :gradle-plugin:shared:compileJava NO-SOURCE
> Task :expo-gradle-plugin:expo-autolinking-plugin-shared:compileJava NO-SOURCE
> Task :gradle-plugin:shared:processResources NO-SOURCE
> Task :expo-gradle-plugin:expo-autolinking-plugin-shared:processResources NO-SOURCE
> Task :gradle-plugin:shared:classes UP-TO-DATE
> Task :expo-gradle-plugin:expo-autolinking-plugin-shared:classes UP-TO-DATE
> Task :gradle-plugin:shared:jar UP-TO-DATE
> Task :expo-gradle-plugin:expo-autolinking-plugin-shared:jar UP-TO-DATE
> Task :gradle-plugin:settings-plugin:compileKotlin UP-TO-DATE
> Task :gradle-plugin:settings-plugin:compileJava NO-SOURCE
> Task :gradle-plugin:settings-plugin:classes UP-TO-DATE
> Task :gradle-plugin:settings-plugin:jar UP-TO-DATE
> Task :expo-gradle-plugin:expo-autolinking-settings-plugin:compileKotlin UP-TO-DATE
> Task :expo-gradle-plugin:expo-autolinking-settings-plugin:compileJava NO-SOURCE
> Task :expo-gradle-plugin:expo-autolinking-settings-plugin:classes UP-TO-DATE
> Task :expo-gradle-plugin:expo-autolinking-settings-plugin:jar UP-TO-DATE
> Task :gradle-plugin:react-native-gradle-plugin:checkKotlinGradlePluginConfigurationErrors SKIPPED
> Task :expo-gradle-plugin:expo-autolinking-plugin:checkKotlinGradlePluginConfigurationErrors SKIPPED
> Task :expo-module-gradle-plugin:checkKotlinGradlePluginConfigurationErrors SKIPPED
> Task :expo-module-gradle-plugin:pluginDescriptors UP-TO-DATE
> Task :expo-module-gradle-plugin:processResources UP-TO-DATE
> Task :expo-gradle-plugin:expo-autolinking-plugin:compileKotlin UP-TO-DATE
> Task :expo-gradle-plugin:expo-autolinking-plugin:compileJava NO-SOURCE
> Task :expo-gradle-plugin:expo-autolinking-plugin:pluginDescriptors UP-TO-DATE
> Task :gradle-plugin:react-native-gradle-plugin:compileKotlin UP-TO-DATE
> Task :expo-gradle-plugin:expo-autolinking-plugin:processResources UP-TO-DATE
> Task :expo-gradle-plugin:expo-autolinking-plugin:classes UP-TO-DATE
> Task :gradle-plugin:react-native-gradle-plugin:compileJava NO-SOURCE
> Task :gradle-plugin:react-native-gradle-plugin:pluginDescriptors UP-TO-DATE
> Task :gradle-plugin:react-native-gradle-plugin:processResources UP-TO-DATE
> Task :gradle-plugin:react-native-gradle-plugin:classes UP-TO-DATE
> Task :expo-gradle-plugin:expo-autolinking-plugin:jar UP-TO-DATE
> Task :gradle-plugin:react-native-gradle-plugin:jar UP-TO-DATE
> Task :expo-module-gradle-plugin:compileKotlin UP-TO-DATE
> Task :expo-module-gradle-plugin:compileJava NO-SOURCE
> Task :expo-module-gradle-plugin:classes UP-TO-DATE
> Task :expo-module-gradle-plugin:jar UP-TO-DATE

> Configure project :
[32m[ExpoRootProject][0m Using the following versions:
  - buildTools:  [32m36.0.0[0m
  - minSdk:      [32m24[0m
  - compileSdk:  [32m36[0m
  - targetSdk:   [32m36[0m
  - ndk:         [32m27.1.12297006[0m
  - kotlin:      [32m2.1.20[0m
  - ksp:         [32m2.1.20-2.0.1[0m

> Configure project :react-native-firebase_analytics
:react-native-firebase_analytics package.json found at /Users/roman/Desktop/Projects/tarot_card_day/node_modules/@react-native-firebase/analytics/package.json
:react-native-firebase_app package.json found at /Users/roman/Desktop/Projects/tarot_card_day/node_modules/@react-native-firebase/app/package.json
:react-native-firebase_analytics:firebase.bom using default value: 34.6.0
:react-native-firebase_analytics package.json found at /Users/roman/Desktop/Projects/tarot_card_day/node_modules/@react-native-firebase/analytics/package.json
:react-native-firebase_analytics:version set from package.json: 23.7.0 (23,7,0 - 23007000)
:react-native-firebase_analytics:android.compileSdk using custom value: 36
:react-native-firebase_analytics:android.targetSdk using custom value: 36
:react-native-firebase_analytics:android.minSdk using custom value: 24
:react-native-firebase_analytics:reactNativeAndroidDir /Users/roman/Desktop/Projects/tarot_card_day/node_modules/react-native

> Configure project :react-native-firebase_app
:react-native-firebase_app package.json found at /Users/roman/Desktop/Projects/tarot_card_day/node_modules/@react-native-firebase/app/package.json
:react-native-firebase_app:firebase.bom using default value: 34.6.0
:react-native-firebase_app:play.play-services-auth using default value: 21.4.0
:react-native-firebase_app package.json found at /Users/roman/Desktop/Projects/tarot_card_day/node_modules/@react-native-firebase/app/package.json
:react-native-firebase_app:version set from package.json: 23.7.0 (23,7,0 - 23007000)
:react-native-firebase_app:android.compileSdk using custom value: 36
:react-native-firebase_app:android.targetSdk using custom value: 36
:react-native-firebase_app:android.minSdk using custom value: 24
:react-native-firebase_app:reactNativeAndroidDir /Users/roman/Desktop/Projects/tarot_card_day/node_modules/react-native

> Configure project :react-native-firebase_crashlytics
:react-native-firebase_crashlytics package.json found at /Users/roman/Desktop/Projects/tarot_card_day/node_modules/@react-native-firebase/crashlytics/package.json
:react-native-firebase_app package.json found at /Users/roman/Desktop/Projects/tarot_card_day/node_modules/@react-native-firebase/app/package.json
:react-native-firebase_crashlytics:firebase.bom using default value: 34.6.0
:react-native-firebase_crashlytics package.json found at /Users/roman/Desktop/Projects/tarot_card_day/node_modules/@react-native-firebase/crashlytics/package.json
:react-native-firebase_crashlytics:version set from package.json: 23.7.0 (23,7,0 - 23007000)
:react-native-firebase_crashlytics:android.compileSdk using custom value: 36
:react-native-firebase_crashlytics:android.targetSdk using custom value: 36
:react-native-firebase_crashlytics:android.minSdk using custom value: 24
:react-native-firebase_crashlytics:reactNativeAndroidDir /Users/roman/Desktop/Projects/tarot_card_day/node_modules/react-native

> Configure project :expo

Using expo modules
  - [32mexpo-constants[0m (18.0.12)
  - [32mexpo-modules-core[0m (3.0.29)
  - [32mexpo-shared-preferences[0m (0.1.0)
  - [33m[📦][0m [32mexpo-application[0m (7.0.8)
  - [33m[📦][0m [32mexpo-asset[0m (12.0.12)
  - [33m[📦][0m [32mexpo-cellular[0m (8.0.8)
  - [33m[📦][0m [32mexpo-clipboard[0m (8.0.8)
  - [33m[📦][0m [32mexpo-file-system[0m (19.0.21)
  - [33m[📦][0m [32mexpo-font[0m (14.0.10)
  - [33m[📦][0m [32mexpo-keep-awake[0m (15.0.8)
  - [33m[📦][0m [32mexpo-linear-gradient[0m (15.0.8)
  - [33m[📦][0m [32mexpo-linking[0m (8.0.11)
  - [33m[📦][0m [32mexpo-localization[0m (17.0.8)
  - [33m[📦][0m [32mexpo-notifications[0m (0.32.15)
  - [33m[📦][0m [32mexpo-sharing[0m (14.0.8)
  - [33m[📦][0m [32mexpo-sqlite[0m (16.0.10)


> Configure project :react-native-google-mobile-ads
:react-native-google-mobile-ads package.json found at /Users/roman/Desktop/Projects/tarot_card_day/node_modules/react-native-google-mobile-ads/package.json




**************************************************************************************************************




WARNING: react-native-google-mobile-ads requires an 'android_app_id' property inside a 'react-native-google-mobile-ads' key in your app.json.
         No android_app_id property was found in this location. The native Google Mobile Ads SDK will crash on startup without it.
         You can safely ignore this warning if you are using our Expo config plugin.




**************************************************************************************************************




:react-native-google-mobile-ads package.json found at /Users/roman/Desktop/Projects/tarot_card_day/node_modules/react-native-google-mobile-ads/package.json
:react-native-google-mobile-ads:version set from package.json: 16.0.1 (16,0,1 - 16000001)
:react-native-google-mobile-ads:android.compileSdk using custom value: 36
:react-native-google-mobile-ads:android.targetSdk using custom value: 36
:react-native-google-mobile-ads:android.minSdk using custom value: 24
:react-native-google-mobile-ads:reactNativeAndroidDir /Users/roman/Desktop/Projects/tarot_card_day/node_modules/react-native

> Configure project :react-native-iap
[NitroModules] 🔥 NitroIap is boosted by nitro!

> Configure project :react-native-nitro-modules
[NitroModules] 🔥 Your app is boosted by nitro modules!

> Task :expo-shared-preferences:preBuild UP-TO-DATE
> Task :expo-modules-core:preBuild UP-TO-DATE
> Task :expo-modules-core:preDebugBuild UP-TO-DATE
> Task :expo-shared-preferences:preDebugBuild UP-TO-DATE
> Task :expo-shared-preferences:writeDebugAarMetadata
> Task :react-native-firebase_analytics:preBuild UP-TO-DATE
> Task :react-native-firebase_analytics:preDebugBuild UP-TO-DATE
> Task :expo-modules-core:writeDebugAarMetadata
> Task :react-native-firebase_app:preBuild UP-TO-DATE
> Task :react-native-firebase_app:preDebugBuild UP-TO-DATE
> Task :app:generateAutolinkingNewArchitectureFiles
> Task :react-native-firebase_analytics:writeDebugAarMetadata
> Task :react-native-firebase_app:writeDebugAarMetadata
> Task :app:generateAutolinkingPackageList
> Task :react-native-firebase_crashlytics:preBuild UP-TO-DATE
> Task :react-native-firebase_crashlytics:preDebugBuild UP-TO-DATE
> Task :app:generateCodegenSchemaFromJavaScript SKIPPED
> Task :app:generateCodegenArtifactsFromSchema SKIPPED
> Task :app:generateReactNativeEntryPoint
> Task :react-native-firebase_crashlytics:writeDebugAarMetadata
> Task :app:preBuild
> Task :app:preDebugBuild
> Task :react-native-iap:preBuild UP-TO-DATE
> Task :react-native-iap:preDebugBuild UP-TO-DATE
> Task :app:mergeDebugNativeDebugMetadata NO-SOURCE
> Task :app:checkKotlinGradlePluginConfigurationErrors SKIPPED
> Task :react-native-iap:writeDebugAarMetadata
> Task :app:generateDebugBuildConfig FROM-CACHE
> Task :react-native-reanimated:assertMinimalReactNativeVersionTask
> Task :react-native-reanimated:assertNewArchitectureEnabledTask SKIPPED
> Task :react-native-async-storage_async-storage:generateCodegenSchemaFromJavaScript
> Task :react-native-android-widget:generateCodegenSchemaFromJavaScript
> Task :react-native-community_slider:generateCodegenSchemaFromJavaScript
> Task :react-native-reanimated:assertWorkletsVersionTask
> Task :react-native-applovin-max:generateCodegenSchemaFromJavaScript
> Task :react-native-community_datetimepicker:generateCodegenSchemaFromJavaScript
> Task :react-native-nitro-modules:generateCodegenSchemaFromJavaScript
> Task :expo-constants:createExpoConfig
> Task :expo-constants:preBuild
> Task :expo-constants:preDebugBuild
> Task :expo-constants:writeDebugAarMetadata
> Task :react-native-android-widget:generateCodegenArtifactsFromSchema
> Task :react-native-android-widget:preBuild
> Task :react-native-android-widget:preDebugBuild
> Task :react-native-android-widget:writeDebugAarMetadata
> Task :react-native-google-mobile-ads:generateCodegenSchemaFromJavaScript
> Task :react-native-reanimated:generateCodegenSchemaFromJavaScript
> Task :react-native-nitro-modules:generateCodegenArtifactsFromSchema
> Task :react-native-community_datetimepicker:generateCodegenArtifactsFromSchema
> Task :react-native-community_datetimepicker:preBuild
> Task :react-native-community_datetimepicker:preDebugBuild
> Task :react-native-community_datetimepicker:writeDebugAarMetadata
> Task :react-native-async-storage_async-storage:generateCodegenArtifactsFromSchema
> Task :react-native-async-storage_async-storage:preBuild
> Task :react-native-async-storage_async-storage:preDebugBuild
> Task :react-native-async-storage_async-storage:writeDebugAarMetadata
> Task :react-native-safe-area-context:generateCodegenSchemaFromJavaScript
> Task :react-native-applovin-max:generateCodegenArtifactsFromSchema
> Task :react-native-applovin-max:preBuild
> Task :react-native-applovin-max:preDebugBuild
> Task :react-native-applovin-max:writeDebugAarMetadata
> Task :app:generateDebugResValues FROM-CACHE
> Task :app:injectCrashlyticsMappingFileIdDebug
> Task :app:injectCrashlyticsVersionControlInfoDebug FROM-CACHE
> Task :app:processDebugGoogleServices FROM-CACHE
> Task :expo-constants:generateDebugResValues FROM-CACHE
> Task :react-native-community_slider:generateCodegenArtifactsFromSchema
> Task :react-native-community_slider:preBuild
> Task :react-native-community_slider:preDebugBuild
> Task :expo-constants:generateDebugResources FROM-CACHE
> Task :react-native-community_slider:writeDebugAarMetadata
> Task :expo-modules-core:generateDebugResValues FROM-CACHE
> Task :expo-modules-core:generateDebugResources FROM-CACHE
> Task :expo-constants:packageDebugResources FROM-CACHE
> Task :expo-shared-preferences:generateDebugResValues FROM-CACHE
> Task :expo-modules-core:packageDebugResources FROM-CACHE
> Task :expo-shared-preferences:generateDebugResources FROM-CACHE
> Task :react-native-android-widget:generateDebugResValues FROM-CACHE
> Task :expo-shared-preferences:packageDebugResources FROM-CACHE
> Task :react-native-android-widget:generateDebugResources FROM-CACHE
> Task :react-native-applovin-max:generateDebugResValues FROM-CACHE
> Task :react-native-applovin-max:generateDebugResources FROM-CACHE
> Task :react-native-android-widget:packageDebugResources FROM-CACHE
> Task :react-native-applovin-max:packageDebugResources FROM-CACHE
> Task :react-native-async-storage_async-storage:generateDebugResValues FROM-CACHE
> Task :react-native-community_datetimepicker:generateDebugResValues FROM-CACHE
> Task :react-native-worklets:assertMinimalReactNativeVersionTask
> Task :react-native-worklets:assertNewArchitectureEnabledTask SKIPPED
> Task :react-native-async-storage_async-storage:generateDebugResources FROM-CACHE
> Task :react-native-community_datetimepicker:generateDebugResources FROM-CACHE
> Task :react-native-async-storage_async-storage:packageDebugResources FROM-CACHE
> Task :react-native-community_slider:generateDebugResValues FROM-CACHE
> Task :react-native-community_slider:generateDebugResources FROM-CACHE
> Task :react-native-community_slider:packageDebugResources FROM-CACHE
> Task :react-native-community_datetimepicker:packageDebugResources FROM-CACHE
> Task :react-native-firebase_analytics:generateDebugResValues FROM-CACHE
> Task :react-native-firebase_app:generateDebugResValues FROM-CACHE
> Task :react-native-firebase_analytics:generateDebugResources FROM-CACHE
> Task :react-native-firebase_app:generateDebugResources FROM-CACHE
> Task :react-native-firebase_app:packageDebugResources FROM-CACHE
> Task :react-native-firebase_analytics:packageDebugResources FROM-CACHE
> Task :react-native-firebase_crashlytics:generateDebugResValues FROM-CACHE
> Task :react-native-iap:generateDebugResValues FROM-CACHE
> Task :react-native-firebase_crashlytics:generateDebugResources FROM-CACHE
> Task :react-native-iap:generateDebugResources FROM-CACHE
> Task :react-native-firebase_crashlytics:packageDebugResources FROM-CACHE
> Task :react-native-iap:packageDebugResources FROM-CACHE
> Task :expo-constants:extractDeepLinksDebug FROM-CACHE
> Task :expo-constants:processDebugManifest FROM-CACHE
> Task :react-native-nitro-modules:prepareHeaders
> Task :expo-modules-core:extractDeepLinksDebug FROM-CACHE
> Task :react-native-nitro-modules:preBuild
> Task :react-native-nitro-modules:preDebugBuild
> Task :app:generateDebugResources FROM-CACHE
> Task :react-native-nitro-modules:writeDebugAarMetadata
> Task :expo-modules-core:processDebugManifest FROM-CACHE
> Task :react-native-nitro-modules:generateDebugResValues FROM-CACHE
> Task :react-native-nitro-modules:generateDebugResources FROM-CACHE
> Task :expo-shared-preferences:extractDeepLinksDebug FROM-CACHE
> Task :expo-shared-preferences:processDebugManifest FROM-CACHE
> Task :react-native-android-widget:extractDeepLinksDebug FROM-CACHE
> Task :react-native-android-widget:processDebugManifest FROM-CACHE
> Task :react-native-applovin-max:extractDeepLinksDebug FROM-CACHE
> Task :react-native-nitro-modules:packageDebugResources
> Task :app:packageDebugResources FROM-CACHE
> Task :react-native-async-storage_async-storage:extractDeepLinksDebug FROM-CACHE
> Task :react-native-applovin-max:processDebugManifest FROM-CACHE
> Task :react-native-async-storage_async-storage:processDebugManifest FROM-CACHE
> Task :react-native-community_datetimepicker:extractDeepLinksDebug FROM-CACHE
> Task :react-native-community_slider:extractDeepLinksDebug FROM-CACHE
> Task :react-native-community_slider:processDebugManifest FROM-CACHE
> Task :react-native-community_datetimepicker:processDebugManifest FROM-CACHE
> Task :react-native-firebase_analytics:extractDeepLinksDebug FROM-CACHE
> Task :react-native-firebase_app:extractDeepLinksDebug FROM-CACHE
> Task :react-native-firebase_analytics:processDebugManifest FROM-CACHE
> Task :react-native-firebase_crashlytics:extractDeepLinksDebug FROM-CACHE
> Task :react-native-reanimated:generateCodegenArtifactsFromSchema
> Task :react-native-firebase_crashlytics:processDebugManifest FROM-CACHE
> Task :react-native-iap:extractDeepLinksDebug FROM-CACHE
> Task :react-native-firebase_app:processDebugManifest FROM-CACHE
> Task :react-native-screens:generateCodegenSchemaFromJavaScript
> Task :react-native-nitro-modules:extractDeepLinksDebug FROM-CACHE
> Task :react-native-iap:processDebugManifest FROM-CACHE
> Task :expo-constants:compileDebugLibraryResources FROM-CACHE
> Task :expo-constants:parseDebugLocalResources FROM-CACHE
> Task :expo-constants:generateDebugRFile FROM-CACHE
> Task :app:parseDebugLocalResources FROM-CACHE
> Task :expo-modules-core:compileDebugLibraryResources FROM-CACHE
> Task :expo-modules-core:parseDebugLocalResources FROM-CACHE
> Task :expo-modules-core:generateDebugRFile FROM-CACHE
> Task :expo-shared-preferences:compileDebugLibraryResources FROM-CACHE
> Task :expo-shared-preferences:parseDebugLocalResources FROM-CACHE
> Task :expo-shared-preferences:generateDebugRFile FROM-CACHE
> Task :react-native-worklets:generateCodegenSchemaFromJavaScript
> Task :react-native-google-mobile-ads:generateCodegenArtifactsFromSchema
> Task :react-native-google-mobile-ads:preBuild
> Task :react-native-google-mobile-ads:preDebugBuild
> Task :react-native-google-mobile-ads:writeDebugAarMetadata
> Task :app:createDebugCompatibleScreenManifests
> Task :react-native-android-widget:compileDebugLibraryResources FROM-CACHE
> Task :react-native-nitro-modules:processDebugManifest
> Task :react-native-google-mobile-ads:generateDebugResValues FROM-CACHE
> Task :app:extractDeepLinksDebug FROM-CACHE
> Task :react-native-applovin-max:compileDebugLibraryResources FROM-CACHE
> Task :react-native-google-mobile-ads:generateDebugResources FROM-CACHE
> Task :react-native-android-widget:parseDebugLocalResources FROM-CACHE
> Task :react-native-applovin-max:parseDebugLocalResources FROM-CACHE
> Task :react-native-android-widget:generateDebugRFile FROM-CACHE
> Task :react-native-google-mobile-ads:packageDebugResources FROM-CACHE
> Task :react-native-google-mobile-ads:extractDeepLinksDebug FROM-CACHE
> Task :react-native-community_datetimepicker:compileDebugLibraryResources FROM-CACHE
> Task :react-native-community_datetimepicker:parseDebugLocalResources FROM-CACHE
> Task :react-native-community_datetimepicker:generateDebugRFile FROM-CACHE
> Task :react-native-google-mobile-ads:processDebugManifest FROM-CACHE
> Task :react-native-firebase_analytics:compileDebugLibraryResources FROM-CACHE
> Task :react-native-firebase_analytics:parseDebugLocalResources FROM-CACHE
> Task :react-native-applovin-max:generateDebugRFile FROM-CACHE
> Task :react-native-firebase_app:compileDebugLibraryResources FROM-CACHE
> Task :react-native-firebase_analytics:generateDebugRFile FROM-CACHE
> Task :react-native-firebase_app:parseDebugLocalResources FROM-CACHE
> Task :react-native-firebase_crashlytics:compileDebugLibraryResources FROM-CACHE
> Task :react-native-firebase_crashlytics:parseDebugLocalResources FROM-CACHE
> Task :react-native-firebase_app:generateDebugRFile FROM-CACHE
> Task :react-native-google-mobile-ads:compileDebugLibraryResources FROM-CACHE
> Task :react-native-firebase_crashlytics:generateDebugRFile FROM-CACHE
> Task :react-native-google-mobile-ads:parseDebugLocalResources FROM-CACHE
> Task :react-native-iap:compileDebugLibraryResources FROM-CACHE
> Task :react-native-iap:parseDebugLocalResources FROM-CACHE
> Task :react-native-google-mobile-ads:generateDebugRFile FROM-CACHE
> Task :react-native-iap:generateDebugRFile FROM-CACHE
> Task :expo-constants:checkKotlinGradlePluginConfigurationErrors SKIPPED
> Task :react-native-nitro-modules:compileDebugLibraryResources FROM-CACHE
> Task :expo-constants:generateDebugBuildConfig FROM-CACHE
> Task :expo-modules-core:checkKotlinGradlePluginConfigurationErrors SKIPPED
> Task :react-native-reanimated:prepareReanimatedHeadersForPrefabs
> Task :react-native-nitro-modules:parseDebugLocalResources FROM-CACHE
> Task :react-native-reanimated:preBuild
> Task :expo-modules-core:generateDebugBuildConfig FROM-CACHE
> Task :react-native-reanimated:preDebugBuild
> Task :react-native-reanimated:writeDebugAarMetadata
> Task :react-native-reanimated:generateDebugResValues FROM-CACHE
> Task :react-native-async-storage_async-storage:compileDebugLibraryResources FROM-CACHE
> Task :react-native-community_slider:compileDebugLibraryResources FROM-CACHE
> Task :react-native-nitro-modules:generateDebugRFile
> Task :react-native-reanimated:generateDebugResources FROM-CACHE
> Task :react-native-async-storage_async-storage:parseDebugLocalResources FROM-CACHE
> Task :react-native-safe-area-context:generateCodegenArtifactsFromSchema
> Task :react-native-safe-area-context:preBuild
> Task :react-native-safe-area-context:preDebugBuild
> Task :react-native-async-storage_async-storage:generateDebugRFile FROM-CACHE
> Task :expo-shared-preferences:checkKotlinGradlePluginConfigurationErrors SKIPPED
> Task :react-native-safe-area-context:writeDebugAarMetadata
> Task :expo-shared-preferences:generateDebugBuildConfig FROM-CACHE
> Task :react-native-safe-area-context:generateDebugResValues FROM-CACHE
> Task :expo-shared-preferences:javaPreCompileDebug FROM-CACHE
> Task :expo-constants:javaPreCompileDebug FROM-CACHE
> Task :react-native-reanimated:packageDebugResources FROM-CACHE
> Task :react-native-safe-area-context:generateDebugResources FROM-CACHE
> Task :react-native-reanimated:extractDeepLinksDebug FROM-CACHE
> Task :react-native-applovin-max:generateDebugBuildConfig FROM-CACHE
> Task :react-native-svg:generateCodegenSchemaFromJavaScript
> Task :react-native-community_slider:parseDebugLocalResources FROM-CACHE
> Task :react-native-safe-area-context:packageDebugResources FROM-CACHE
> Task :react-native-android-widget:generateDebugBuildConfig FROM-CACHE
> Task :react-native-safe-area-context:extractDeepLinksDebug FROM-CACHE
> Task :react-native-android-widget:javaPreCompileDebug FROM-CACHE
> Task :react-native-community_slider:generateDebugRFile FROM-CACHE
> Task :react-native-applovin-max:javaPreCompileDebug FROM-CACHE
> Task :react-native-reanimated:processDebugManifest FROM-CACHE
> Task :react-native-safe-area-context:processDebugManifest FROM-CACHE
> Task :react-native-safe-area-context:compileDebugLibraryResources FROM-CACHE
> Task :react-native-reanimated:compileDebugLibraryResources FROM-CACHE
> Task :react-native-reanimated:parseDebugLocalResources FROM-CACHE
> Task :react-native-safe-area-context:parseDebugLocalResources FROM-CACHE
> Task :react-native-reanimated:generateDebugRFile FROM-CACHE
> Task :react-native-community_datetimepicker:checkKotlinGradlePluginConfigurationErrors SKIPPED
> Task :react-native-safe-area-context:generateDebugRFile FROM-CACHE
> Task :react-native-community_datetimepicker:generateDebugBuildConfig FROM-CACHE
> Task :react-native-community_slider:generateDebugBuildConfig FROM-CACHE
> Task :react-native-async-storage_async-storage:generateDebugBuildConfig FROM-CACHE
> Task :react-native-async-storage_async-storage:javaPreCompileDebug FROM-CACHE
> Task :react-native-community_slider:javaPreCompileDebug FROM-CACHE
> Task :expo:generatePackagesList
> Task :expo:preBuild
> Task :expo:preDebugBuild
> Task :expo:writeDebugAarMetadata
> Task :expo:generateDebugResValues FROM-CACHE
> Task :expo:generateDebugResources FROM-CACHE
> Task :expo:packageDebugResources FROM-CACHE
> Task :expo:extractDeepLinksDebug FROM-CACHE
> Task :expo:processDebugManifest FROM-CACHE
> Task :expo:compileDebugLibraryResources FROM-CACHE
> Task :expo:parseDebugLocalResources FROM-CACHE
> Task :expo:generateDebugRFile FROM-CACHE
> Task :expo:checkKotlinGradlePluginConfigurationErrors SKIPPED
> Task :react-native-community_datetimepicker:compileDebugKotlin FROM-CACHE
> Task :react-native-community_datetimepicker:javaPreCompileDebug FROM-CACHE
> Task :expo:generateDebugBuildConfig FROM-CACHE
> Task :expo:javaPreCompileDebug FROM-CACHE
> Task :react-native-firebase_analytics:generateDebugBuildConfig FROM-CACHE
> Task :react-native-firebase_analytics:javaPreCompileDebug FROM-CACHE
> Task :react-native-worklets:generateCodegenArtifactsFromSchema
> Task :react-native-firebase_app:generateDebugBuildConfig FROM-CACHE
> Task :react-native-firebase_app:javaPreCompileDebug FROM-CACHE
> Task :react-native-screens:generateCodegenArtifactsFromSchema
> Task :react-native-screens:preBuild
> Task :react-native-screens:preDebugBuild
> Task :react-native-screens:writeDebugAarMetadata
> Task :react-native-screens:generateDebugResValues FROM-CACHE
> Task :react-native-worklets:prepareWorkletsHeadersForPrefabs
> Task :react-native-worklets:preBuild
> Task :react-native-worklets:preDebugBuild
> Task :react-native-worklets:writeDebugAarMetadata
> Task :react-native-worklets:generateDebugResValues FROM-CACHE
> Task :react-native-screens:generateDebugResources FROM-CACHE
> Task :react-native-worklets:generateDebugResources FROM-CACHE
> Task :react-native-screens:packageDebugResources FROM-CACHE
> Task :react-native-screens:extractDeepLinksDebug FROM-CACHE
> Task :react-native-screens:processDebugManifest FROM-CACHE
> Task :react-native-screens:compileDebugLibraryResources FROM-CACHE
> Task :react-native-screens:parseDebugLocalResources FROM-CACHE
> Task :react-native-screens:generateDebugRFile FROM-CACHE
> Task :react-native-firebase_crashlytics:generateDebugBuildConfig FROM-CACHE
> Task :react-native-firebase_crashlytics:javaPreCompileDebug FROM-CACHE
> Task :react-native-google-mobile-ads:checkKotlinGradlePluginConfigurationErrors SKIPPED
> Task :react-native-google-mobile-ads:generateDebugBuildConfig FROM-CACHE
> Task :react-native-worklets:packageDebugResources FROM-CACHE
> Task :react-native-worklets:extractDeepLinksDebug FROM-CACHE
> Task :react-native-worklets:processDebugManifest FROM-CACHE
> Task :react-native-worklets:compileDebugLibraryResources FROM-CACHE
> Task :react-native-worklets:parseDebugLocalResources FROM-CACHE
> Task :react-native-worklets:generateDebugRFile FROM-CACHE
> Task :react-native-iap:checkKotlinGradlePluginConfigurationErrors SKIPPED
> Task :react-native-iap:generateDebugBuildConfig FROM-CACHE
> Task :react-native-nitro-modules:checkKotlinGradlePluginConfigurationErrors SKIPPED
> Task :react-native-google-mobile-ads:compileDebugKotlin FROM-CACHE
> Task :react-native-nitro-modules:generateDebugBuildConfig
> Task :react-native-google-mobile-ads:javaPreCompileDebug FROM-CACHE
> Task :react-native-svg:generateCodegenArtifactsFromSchema
> Task :react-native-svg:preBuild
> Task :react-native-svg:preDebugBuild
> Task :react-native-svg:writeDebugAarMetadata
> Task :app:checkDebugAarMetadata
> Task :react-native-svg:generateDebugResValues FROM-CACHE
> Task :react-native-svg:generateDebugResources FROM-CACHE
> Task :react-native-svg:packageDebugResources FROM-CACHE
> Task :app:mapDebugSourceSetPaths
> Task :app:mergeDebugResources FROM-CACHE
> Task :react-native-svg:extractDeepLinksDebug FROM-CACHE
> Task :react-native-svg:processDebugManifest FROM-CACHE
> Task :react-native-community_slider:compileDebugJavaWithJavac FROM-CACHE
> Task :react-native-svg:compileDebugLibraryResources FROM-CACHE
> Task :react-native-svg:parseDebugLocalResources FROM-CACHE
> Task :react-native-svg:generateDebugRFile FROM-CACHE
> Task :react-native-community_slider:bundleLibCompileToJarDebug
> Task :react-native-nitro-modules:javaPreCompileDebug FROM-CACHE
> Task :react-native-iap:javaPreCompileDebug FROM-CACHE
> Task :react-native-reanimated:generateDebugBuildConfig FROM-CACHE
> Task :react-native-reanimated:javaPreCompileDebug FROM-CACHE
> Task :react-native-worklets:generateDebugBuildConfig FROM-CACHE
> Task :react-native-worklets:javaPreCompileDebug FROM-CACHE
> Task :react-native-async-storage_async-storage:compileDebugJavaWithJavac FROM-CACHE
> Task :react-native-async-storage_async-storage:bundleLibCompileToJarDebug
> Task :react-native-safe-area-context:checkKotlinGradlePluginConfigurationErrors SKIPPED
> Task :react-native-worklets:compileDebugJavaWithJavac FROM-CACHE
> Task :react-native-safe-area-context:generateDebugBuildConfig FROM-CACHE
> Task :react-native-worklets:bundleLibCompileToJarDebug
> Task :react-native-android-widget:compileDebugJavaWithJavac FROM-CACHE
> Task :react-native-firebase_app:compileDebugJavaWithJavac FROM-CACHE
> Task :react-native-firebase_app:bundleLibCompileToJarDebug
> Task :react-native-android-widget:bundleLibCompileToJarDebug
> Task :react-native-reanimated:compileDebugJavaWithJavac FROM-CACHE
> Task :react-native-reanimated:bundleLibCompileToJarDebug
> Task :react-native-screens:checkKotlinGradlePluginConfigurationErrors SKIPPED
> Task :react-native-firebase_crashlytics:compileDebugJavaWithJavac FROM-CACHE
> Task :react-native-screens:generateDebugBuildConfig FROM-CACHE
> Task :react-native-firebase_crashlytics:bundleLibCompileToJarDebug
> Task :react-native-svg:generateDebugBuildConfig FROM-CACHE
> Task :react-native-svg:javaPreCompileDebug FROM-CACHE
> Task :react-native-applovin-max:compileDebugJavaWithJavac FROM-CACHE
> Task :react-native-applovin-max:bundleLibCompileToJarDebug
> Task :expo:mergeDebugShaders
> Task :expo:compileDebugShaders NO-SOURCE
> Task :expo:generateDebugAssets UP-TO-DATE
> Task :expo:mergeDebugAssets
> Task :expo-constants:mergeDebugShaders
> Task :react-native-firebase_analytics:compileDebugJavaWithJavac FROM-CACHE
> Task :expo-constants:compileDebugShaders NO-SOURCE
> Task :expo-constants:generateDebugAssets UP-TO-DATE
> Task :react-native-firebase_analytics:bundleLibCompileToJarDebug
> Task :expo-shared-preferences:mergeDebugShaders
> Task :expo-shared-preferences:compileDebugShaders NO-SOURCE
> Task :expo-shared-preferences:generateDebugAssets UP-TO-DATE
> Task :expo-shared-preferences:mergeDebugAssets
> Task :react-native-android-widget:mergeDebugShaders
> Task :react-native-android-widget:compileDebugShaders NO-SOURCE
> Task :react-native-android-widget:generateDebugAssets UP-TO-DATE
> Task :expo-constants:mergeDebugAssets
> Task :react-native-applovin-max:mergeDebugShaders
> Task :react-native-applovin-max:compileDebugShaders NO-SOURCE
> Task :react-native-applovin-max:generateDebugAssets UP-TO-DATE
> Task :react-native-android-widget:mergeDebugAssets
> Task :react-native-applovin-max:mergeDebugAssets
> Task :react-native-async-storage_async-storage:mergeDebugShaders
> Task :react-native-async-storage_async-storage:compileDebugShaders NO-SOURCE
> Task :react-native-async-storage_async-storage:generateDebugAssets UP-TO-DATE
> Task :react-native-community_slider:mergeDebugShaders
> Task :react-native-community_slider:compileDebugShaders NO-SOURCE
> Task :react-native-community_slider:generateDebugAssets UP-TO-DATE
> Task :react-native-async-storage_async-storage:mergeDebugAssets
> Task :react-native-firebase_analytics:mergeDebugShaders
> Task :react-native-firebase_analytics:compileDebugShaders NO-SOURCE
> Task :react-native-firebase_analytics:generateDebugAssets UP-TO-DATE
> Task :react-native-community_slider:mergeDebugAssets
> Task :react-native-firebase_app:mergeDebugShaders
> Task :react-native-firebase_app:compileDebugShaders NO-SOURCE
> Task :react-native-firebase_app:generateDebugAssets UP-TO-DATE
> Task :react-native-firebase_app:mergeDebugAssets
> Task :react-native-safe-area-context:compileDebugKotlin FROM-CACHE
> Task :react-native-firebase_crashlytics:mergeDebugShaders
> Task :react-native-firebase_crashlytics:compileDebugShaders NO-SOURCE
> Task :react-native-firebase_crashlytics:generateDebugAssets UP-TO-DATE
> Task :react-native-firebase_analytics:mergeDebugAssets
> Task :react-native-iap:mergeDebugShaders
> Task :react-native-iap:compileDebugShaders NO-SOURCE
> Task :react-native-iap:generateDebugAssets UP-TO-DATE
> Task :react-native-community_datetimepicker:compileDebugJavaWithJavac FROM-CACHE
> Task :react-native-iap:mergeDebugAssets
> Task :react-native-nitro-modules:mergeDebugShaders
> Task :react-native-community_datetimepicker:bundleLibCompileToJarDebug
> Task :react-native-community_datetimepicker:mergeDebugShaders
> Task :react-native-nitro-modules:compileDebugShaders NO-SOURCE
> Task :react-native-nitro-modules:generateDebugAssets UP-TO-DATE
> Task :react-native-community_datetimepicker:compileDebugShaders NO-SOURCE
> Task :react-native-community_datetimepicker:generateDebugAssets UP-TO-DATE
> Task :react-native-firebase_crashlytics:mergeDebugAssets
> Task :react-native-community_datetimepicker:mergeDebugAssets
> Task :react-native-nitro-modules:mergeDebugAssets
> Task :react-native-community_datetimepicker:bundleLibRuntimeToJarDebug
> Task :react-native-reanimated:mergeDebugShaders
> Task :react-native-reanimated:compileDebugShaders NO-SOURCE
> Task :react-native-reanimated:generateDebugAssets UP-TO-DATE
> Task :react-native-reanimated:mergeDebugAssets
> Task :react-native-async-storage_async-storage:bundleLibRuntimeToJarDebug
> Task :expo-modules-core:compileDebugKotlin FROM-CACHE
> Task :expo-modules-core:javaPreCompileDebug FROM-CACHE

> Task :app:processDebugMainManifest
/Users/roman/Desktop/Projects/tarot_card_day/android/app/src/debug/AndroidManifest.xml:6:5-162 Warning:
	application@android:usesCleartextTraffic was tagged at AndroidManifest.xml:6 to replace other declarations but no other declaration present
/Users/roman/Desktop/Projects/tarot_card_day/android/app/src/debug/AndroidManifest.xml Warning:
	provider#expo.modules.filesystem.FileSystemFileProvider@android:authorities was tagged at AndroidManifest.xml:0 to replace other declarations but no other declaration present

> Task :react-native-worklets:mergeDebugShaders
> Task :react-native-safe-area-context:javaPreCompileDebug FROM-CACHE
> Task :react-native-worklets:compileDebugShaders NO-SOURCE
> Task :react-native-worklets:generateDebugAssets UP-TO-DATE
> Task :react-native-worklets:mergeDebugAssets
> Task :react-native-community_slider:bundleLibRuntimeToJarDebug
> Task :react-native-firebase_analytics:bundleLibRuntimeToJarDebug
> Task :react-native-firebase_crashlytics:bundleLibRuntimeToJarDebug
> Task :react-native-firebase_app:bundleLibRuntimeToJarDebug
> Task :app:processDebugManifest FROM-CACHE
> Task :react-native-android-widget:bundleLibRuntimeToJarDebug
> Task :app:processDebugManifestForPackage FROM-CACHE
> Task :react-native-applovin-max:bundleLibRuntimeToJarDebug
> Task :react-native-reanimated:bundleLibRuntimeToJarDebug
> Task :react-native-safe-area-context:compileDebugJavaWithJavac FROM-CACHE
> Task :react-native-safe-area-context:bundleLibCompileToJarDebug
> Task :react-native-google-mobile-ads:compileDebugJavaWithJavac FROM-CACHE
> Task :react-native-android-widget:processDebugJavaRes NO-SOURCE
> Task :react-native-safe-area-context:mergeDebugShaders
> Task :react-native-worklets:bundleLibRuntimeToJarDebug
> Task :react-native-applovin-max:processDebugJavaRes NO-SOURCE
> Task :react-native-safe-area-context:compileDebugShaders NO-SOURCE
> Task :react-native-safe-area-context:generateDebugAssets UP-TO-DATE
> Task :react-native-safe-area-context:mergeDebugAssets
> Task :react-native-google-mobile-ads:mergeDebugShaders
> Task :react-native-google-mobile-ads:compileDebugShaders NO-SOURCE
> Task :react-native-google-mobile-ads:generateDebugAssets UP-TO-DATE
> Task :react-native-async-storage_async-storage:processDebugJavaRes NO-SOURCE
> Task :react-native-safe-area-context:bundleLibRuntimeToJarDebug
> Task :react-native-google-mobile-ads:bundleLibCompileToJarDebug
> Task :react-native-google-mobile-ads:mergeDebugAssets
> Task :react-native-community_slider:processDebugJavaRes NO-SOURCE
> Task :react-native-firebase_analytics:processDebugJavaRes NO-SOURCE
> Task :react-native-firebase_app:processDebugJavaRes NO-SOURCE
> Task :react-native-firebase_crashlytics:processDebugJavaRes NO-SOURCE
> Task :react-native-reanimated:processDebugJavaRes NO-SOURCE
> Task :react-native-community_datetimepicker:processDebugJavaRes
> Task :react-native-worklets:processDebugJavaRes NO-SOURCE
> Task :react-native-google-mobile-ads:processDebugJavaRes
> Task :react-native-google-mobile-ads:bundleLibRuntimeToJarDebug
> Task :react-native-safe-area-context:processDebugJavaRes
> Task :react-native-async-storage_async-storage:bundleLibRuntimeToDirDebug
> Task :react-native-community_datetimepicker:bundleLibRuntimeToDirDebug
> Task :react-native-community_slider:bundleLibRuntimeToDirDebug
> Task :app:javaPreCompileDebug FROM-CACHE
> Task :react-native-safe-area-context:bundleLibRuntimeToDirDebug
> Task :app:mergeDebugShaders
> Task :app:compileDebugShaders NO-SOURCE
> Task :app:generateDebugAssets UP-TO-DATE
> Task :app:desugarDebugFileDependencies FROM-CACHE
> Task :react-native-firebase_analytics:bundleLibRuntimeToDirDebug
> Task :react-native-svg:compileDebugJavaWithJavac FROM-CACHE
> Task :react-native-firebase_crashlytics:bundleLibRuntimeToDirDebug
> Task :react-native-google-mobile-ads:bundleLibRuntimeToDirDebug
> Task :react-native-svg:mergeDebugShaders
> Task :react-native-svg:compileDebugShaders NO-SOURCE
> Task :react-native-svg:generateDebugAssets UP-TO-DATE
> Task :react-native-svg:mergeDebugAssets
> Task :react-native-firebase_app:bundleLibRuntimeToDirDebug
> Task :react-native-svg:bundleLibCompileToJarDebug
> Task :react-native-svg:processDebugJavaRes NO-SOURCE
> Task :react-native-svg:bundleLibRuntimeToJarDebug
> Task :app:checkDebugDuplicateClasses
> Task :react-native-reanimated:bundleLibRuntimeToDirDebug
> Task :react-native-android-widget:bundleLibRuntimeToDirDebug
> Task :react-native-applovin-max:bundleLibRuntimeToDirDebug
> Task :react-native-worklets:bundleLibRuntimeToDirDebug
> Task :expo:mergeDebugJniLibFolders
> Task :expo:mergeDebugNativeLibs NO-SOURCE
> Task :react-native-worklets:configureCMakeDebug[arm64-v8a]
> Task :react-native-worklets:generateJsonModelDebug
> Task :expo:copyDebugJniLibsProjectOnly
> Task :expo-constants:mergeDebugJniLibFolders
> Task :react-native-worklets:prefabDebugConfigurePackage
> Task :expo-constants:mergeDebugNativeLibs NO-SOURCE
> Task :expo-constants:copyDebugJniLibsProjectOnly
> Task :expo-shared-preferences:mergeDebugJniLibFolders
> Task :expo-shared-preferences:mergeDebugNativeLibs NO-SOURCE
> Task :expo-shared-preferences:copyDebugJniLibsProjectOnly
> Task :react-native-android-widget:mergeDebugJniLibFolders
> Task :react-native-android-widget:mergeDebugNativeLibs NO-SOURCE
> Task :react-native-android-widget:copyDebugJniLibsProjectOnly
> Task :react-native-applovin-max:mergeDebugJniLibFolders
> Task :react-native-applovin-max:mergeDebugNativeLibs NO-SOURCE
> Task :react-native-applovin-max:copyDebugJniLibsProjectOnly
> Task :react-native-screens:compileDebugKotlin FROM-CACHE
> Task :react-native-screens:javaPreCompileDebug FROM-CACHE
> Task :react-native-async-storage_async-storage:mergeDebugJniLibFolders
> Task :react-native-async-storage_async-storage:mergeDebugNativeLibs NO-SOURCE
> Task :react-native-async-storage_async-storage:copyDebugJniLibsProjectOnly
> Task :react-native-community_datetimepicker:mergeDebugJniLibFolders
> Task :react-native-community_datetimepicker:mergeDebugNativeLibs NO-SOURCE
> Task :react-native-community_datetimepicker:copyDebugJniLibsProjectOnly
> Task :react-native-community_slider:mergeDebugJniLibFolders
> Task :react-native-community_slider:mergeDebugNativeLibs NO-SOURCE
> Task :react-native-community_slider:copyDebugJniLibsProjectOnly
> Task :react-native-firebase_analytics:mergeDebugJniLibFolders
> Task :react-native-firebase_analytics:mergeDebugNativeLibs NO-SOURCE
> Task :react-native-firebase_analytics:copyDebugJniLibsProjectOnly
> Task :react-native-firebase_app:mergeDebugJniLibFolders
> Task :react-native-firebase_app:mergeDebugNativeLibs NO-SOURCE
> Task :react-native-firebase_app:copyDebugJniLibsProjectOnly
> Task :react-native-firebase_crashlytics:mergeDebugJniLibFolders
> Task :react-native-firebase_crashlytics:mergeDebugNativeLibs NO-SOURCE
> Task :react-native-firebase_crashlytics:copyDebugJniLibsProjectOnly
> Task :react-native-google-mobile-ads:mergeDebugJniLibFolders
> Task :react-native-google-mobile-ads:mergeDebugNativeLibs NO-SOURCE
> Task :react-native-google-mobile-ads:copyDebugJniLibsProjectOnly
> Task :react-native-iap:mergeDebugJniLibFolders
> Task :react-native-safe-area-context:mergeDebugJniLibFolders
> Task :react-native-safe-area-context:mergeDebugNativeLibs NO-SOURCE
> Task :react-native-safe-area-context:copyDebugJniLibsProjectOnly
> Task :react-native-svg:mergeDebugJniLibFolders
> Task :react-native-svg:mergeDebugNativeLibs NO-SOURCE
> Task :react-native-svg:copyDebugJniLibsProjectOnly
> Task :react-native-svg:bundleLibRuntimeToDirDebug
> Task :expo-modules-core:compileDebugJavaWithJavac FROM-CACHE
> Task :react-native-screens:compileDebugJavaWithJavac FROM-CACHE
> Task :expo-modules-core:mergeDebugShaders
> Task :expo-modules-core:compileDebugShaders NO-SOURCE
> Task :expo-modules-core:generateDebugAssets UP-TO-DATE
> Task :expo-modules-core:mergeDebugAssets
> Task :react-native-screens:mergeDebugShaders
> Task :react-native-screens:compileDebugShaders NO-SOURCE
> Task :react-native-screens:generateDebugAssets UP-TO-DATE
> Task :react-native-screens:mergeDebugAssets
> Task :react-native-screens:bundleLibCompileToJarDebug
> Task :react-native-screens:bundleLibRuntimeToJarDebug
> Task :expo-modules-core:bundleLibCompileToJarDebug
> Task :expo-modules-core:processDebugJavaRes
> Task :react-native-screens:processDebugJavaRes
> Task :expo-modules-core:bundleLibRuntimeToJarDebug
> Task :expo-shared-preferences:compileDebugKotlin FROM-CACHE
> Task :expo-constants:compileDebugKotlin FROM-CACHE
> Task :expo-shared-preferences:compileDebugJavaWithJavac FROM-CACHE
> Task :expo-shared-preferences:bundleLibCompileToJarDebug
> Task :expo-constants:compileDebugJavaWithJavac FROM-CACHE
> Task :expo-shared-preferences:bundleLibRuntimeToJarDebug
> Task :expo-shared-preferences:processDebugJavaRes
> Task :expo-constants:bundleLibRuntimeToJarDebug
> Task :expo-constants:bundleLibCompileToJarDebug
> Task :expo-constants:processDebugJavaRes
> Task :expo-shared-preferences:bundleLibRuntimeToDirDebug
> Task :expo-constants:bundleLibRuntimeToDirDebug
> Task :react-native-screens:configureCMakeDebug[arm64-v8a]
> Task :react-native-screens:bundleLibRuntimeToDirDebug
> Task :expo:compileDebugKotlin FROM-CACHE
> Task :expo:compileDebugJavaWithJavac FROM-CACHE
> Task :expo:bundleLibCompileToJarDebug
> Task :expo:bundleLibRuntimeToJarDebug
> Task :expo:processDebugJavaRes
> Task :expo:bundleLibRuntimeToDirDebug
> Task :expo-modules-core:configureCMakeDebug[arm64-v8a]
> Task :app:mergeExtDexDebug FROM-CACHE
> Task :react-native-nitro-modules:compileDebugKotlin
> Task :app:mergeDebugAssets
> Task :app:compressDebugAssets FROM-CACHE
> Task :app:mergeDebugJniLibFolders
> Task :app:validateSigningDebug
> Task :app:writeDebugAppMetadata
> Task :react-native-nitro-modules:configureCMakeDebug[arm64-v8a]
> Task :react-native-worklets:buildCMakeDebug[arm64-v8a][worklets]
> Task :react-native-screens:buildCMakeDebug[arm64-v8a]
> Task :react-native-screens:mergeDebugJniLibFolders
> Task :react-native-screens:mergeDebugNativeLibs
> Task :react-native-screens:copyDebugJniLibsProjectOnly
> Task :react-native-nitro-modules:compileDebugJavaWithJavac
> Task :react-native-nitro-modules:bundleLibCompileToJarDebug
> Task :react-native-nitro-modules:bundleLibRuntimeToJarDebug
> Task :react-native-nitro-modules:processDebugJavaRes
> Task :react-native-nitro-modules:bundleLibRuntimeToDirDebug
> Task :expo-modules-core:buildCMakeDebug[arm64-v8a]
> Task :app:writeDebugSigningConfigVersions
> Task :expo-modules-core:mergeDebugJniLibFolders
> Task :expo-modules-core:mergeDebugNativeLibs
> Task :expo-modules-core:bundleLibRuntimeToDirDebug
> Task :expo-modules-core:copyDebugJniLibsProjectOnly
> Task :app:processDebugResources
> Task :react-native-worklets:externalNativeBuildDebug
> Task :react-native-worklets:prefabDebugPackage
> Task :react-native-worklets:mergeDebugJniLibFolders
> Task :react-native-reanimated:configureCMakeDebug[arm64-v8a]
> Task :react-native-reanimated:generateJsonModelDebug
> Task :react-native-reanimated:prefabDebugConfigurePackage
> Task :react-native-worklets:mergeDebugNativeLibs
> Task :react-native-worklets:copyDebugJniLibsProjectOnly
> Task :react-native-reanimated:buildCMakeDebug[arm64-v8a][reanimated]
> Task :react-native-reanimated:externalNativeBuildDebug
> Task :react-native-reanimated:prefabDebugPackage
> Task :react-native-reanimated:mergeDebugJniLibFolders
> Task :react-native-reanimated:mergeDebugNativeLibs
> Task :react-native-reanimated:copyDebugJniLibsProjectOnly

> Task :react-native-iap:compileDebugKotlin
w: file:///Users/roman/Desktop/Projects/tarot_card_day/node_modules/react-native-iap/android/src/main/java/com/margelo/nitro/iap/HybridRnIap.kt:1373:29 'suspend fun checkAlternativeBillingAvailability(): Boolean' is deprecated. Use isBillingProgramAvailable with BillingProgramAndroid.ExternalOffer instead.
w: file:///Users/roman/Desktop/Projects/tarot_card_day/node_modules/react-native-iap/android/src/main/java/com/margelo/nitro/iap/HybridRnIap.kt:1394:29 'suspend fun showAlternativeBillingInformationDialog(activity: Activity): Boolean' is deprecated. Use launchExternalLink instead.
w: file:///Users/roman/Desktop/Projects/tarot_card_day/node_modules/react-native-iap/android/src/main/java/com/margelo/nitro/iap/HybridRnIap.kt:1413:29 'suspend fun createAlternativeBillingReportingToken(): String?' is deprecated. Use createBillingProgramReportingDetails with BillingProgramAndroid.ExternalOffer instead.

> Task :react-native-iap:compileDebugJavaWithJavac
Note: /Users/roman/Desktop/Projects/tarot_card_day/node_modules/react-native-iap/android/src/main/java/com/margelo/nitro/iap/NitroIapPackage.java uses or overrides a deprecated API.
Note: Recompile with -Xlint:deprecation for details.

> Task :react-native-iap:processDebugJavaRes
> Task :react-native-iap:bundleLibCompileToJarDebug
> Task :react-native-iap:bundleLibRuntimeToJarDebug
> Task :react-native-iap:bundleLibRuntimeToDirDebug

> Task :app:compileDebugKotlin
w: file:///Users/roman/Desktop/Projects/tarot_card_day/android/app/src/main/java/tarocard/crazybee/com/tarotcardoftheday/MainApplication.kt:9:8 'class ReactNativeHost : Any' is deprecated. Deprecated in Java.
w: file:///Users/roman/Desktop/Projects/tarot_card_day/android/app/src/main/java/tarocard/crazybee/com/tarotcardoftheday/MainApplication.kt:21:16 This declaration overrides a deprecated member but is not marked as deprecated itself. Add the '@Deprecated' annotation or suppress the diagnostic.
w: file:///Users/roman/Desktop/Projects/tarot_card_day/android/app/src/main/java/tarocard/crazybee/com/tarotcardoftheday/MainApplication.kt:21:33 'class ReactNativeHost : Any' is deprecated. Deprecated in Java.

> Task :app:compileDebugJavaWithJavac
> Task :app:dexBuilderDebug
> Task :app:mergeDebugGlobalSynthetics FROM-CACHE
> Task :app:processDebugJavaRes
> Task :app:mergeProjectDexDebug
> Task :react-native-nitro-modules:buildCMakeDebug[arm64-v8a]
> Task :react-native-nitro-modules:externalNativeBuildDebug
> Task :react-native-nitro-modules:generateJsonModelDebug
> Task :react-native-nitro-modules:prefabDebugConfigurePackage
> Task :app:mergeLibDexDebug
> Task :react-native-nitro-modules:prefabDebugPackage
> Task :react-native-nitro-modules:mergeDebugJniLibFolders
> Task :react-native-nitro-modules:mergeDebugNativeLibs
> Task :react-native-nitro-modules:copyDebugJniLibsProjectOnly
> Task :app:mergeDebugJavaResource
> Task :react-native-iap:configureCMakeDebug[arm64-v8a]
> Task :app:configureCMakeDebug[arm64-v8a]
> Task :react-native-iap:buildCMakeDebug[arm64-v8a]
> Task :app:buildCMakeDebug[arm64-v8a]
> Task :react-native-iap:mergeDebugNativeLibs
> Task :react-native-iap:copyDebugJniLibsProjectOnly
> Task :app:mergeDebugNativeLibs
> Task :app:stripDebugDebugSymbols
> Task :app:packageDebug
> Task :app:createDebugApkListingFileRedirect
> Task :app:assembleDebug

[Incubating] Problems report is available at: file:///Users/roman/Desktop/Projects/tarot_card_day/android/build/reports/problems/problems-report.html

Deprecated Gradle features were used in this build, making it incompatible with Gradle 9.0.

You can use '--warning-mode all' to show the individual deprecation warnings and determine if they come from your own scripts or plugins.

For more on this, please refer to https://docs.gradle.org/8.14.3/userguide/command_line_interface.html#sec:command_line_warnings in the Gradle documentation.

BUILD SUCCESSFUL in 1m 8s
528 actionable tasks: 266 executed, 238 from cache, 24 up-to-date
Waiting on http://localhost:8081
› Installing /Users/roman/Desktop/Projects/tarot_card_day/android/app/build/outputs/apk/debug/app-debug.apk
Error: adb: failed to install /Users/roman/Desktop/Projects/tarot_card_day/android/app/build/outputs/apk/debug/app-debug.apk: Failure [INSTALL_FAILED_UPDATE_INCOMPATIBLE: Existing package tarocard.crazybee.com.tarotcardoftheday signatures do not match newer version; ignoring!]
Error: /Users/roman/Library/Android/sdk/platform-tools/adb -s emulator-5554 install -r -d --user 0 /Users/roman/Desktop/Projects/tarot_card_day/android/app/build/outputs/apk/debug/app-debug.apk exited with non-zero code: 1
    at ChildProcess.completionListener (/Users/roman/Desktop/Projects/tarot_card_day/node_modules/@expo/spawn-async/src/spawnAsync.ts:67:13)
    at Object.onceWrapper (node:events:633:26)
    at ChildProcess.emit (node:events:518:28)
    at maybeClose (node:internal/child_process:1101:16)
    at Process.ChildProcess._handle.onexit (node:internal/child_process:304:5)
    ...
    at spawnAsync (/Users/roman/Desktop/Projects/tarot_card_day/node_modules/@expo/spawn-async/src/spawnAsync.ts:28:21)
    at ADBServer.runAsync (/Users/roman/Desktop/Projects/tarot_card_day/node_modules/expo/node_modules/@expo/cli/src/start/platforms/android/ADBServer.ts:85:59)
    at processTicksAndRejections (node:internal/process/task_queues:105:5)
    at Object.installAsync (/Users/roman/Desktop/Projects/tarot_card_day/node_modules/expo/node_modules/@expo/cli/src/start/platforms/android/adb.ts:223:10)
    at AndroidDeviceManager.installAppAsync (/Users/roman/Desktop/Projects/tarot_card_day/node_modules/expo/node_modules/@expo/cli/src/start/platforms/android/AndroidDeviceManager.ts:85:5)
    at runAndroidAsync (/Users/roman/Desktop/Projects/tarot_card_day/node_modules/expo/node_modules/@expo/cli/src/run/android/runAndroidAsync.ts:102:5)
