› Opening emulator Medium_Phone_API_35
› Building app...
Starting a Gradle Daemon (subsequent builds will be faster)
Configuration on demand is an incubating feature.
> Task :gradle-plugin:settings-plugin:checkKotlinGradlePluginConfigurationErrors SKIPPED
> Task :expo-gradle-plugin:expo-autolinking-settings-plugin:checkKotlinGradlePluginConfigurationErrors SKIPPED
> Task :gradle-plugin:shared:checkKotlinGradlePluginConfigurationErrors SKIPPED
> Task :expo-gradle-plugin:expo-autolinking-plugin-shared:checkKotlinGradlePluginConfigurationErrors SKIPPED
> Task :expo-gradle-plugin:expo-autolinking-settings-plugin:pluginDescriptors UP-TO-DATE
> Task :gradle-plugin:settings-plugin:pluginDescriptors UP-TO-DATE
> Task :gradle-plugin:settings-plugin:processResources UP-TO-DATE
> Task :expo-gradle-plugin:expo-autolinking-settings-plugin:processResources UP-TO-DATE
> Task :gradle-plugin:shared:compileKotlin UP-TO-DATE
> Task :expo-gradle-plugin:expo-autolinking-plugin-shared:compileKotlin UP-TO-DATE
> Task :gradle-plugin:shared:compileJava NO-SOURCE
> Task :expo-gradle-plugin:expo-autolinking-plugin-shared:compileJava NO-SOURCE
> Task :gradle-plugin:shared:processResources NO-SOURCE
> Task :expo-gradle-plugin:expo-autolinking-plugin-shared:processResources NO-SOURCE
> Task :expo-gradle-plugin:expo-autolinking-plugin-shared:classes UP-TO-DATE
> Task :gradle-plugin:shared:classes UP-TO-DATE
> Task :gradle-plugin:shared:jar UP-TO-DATE
> Task :expo-gradle-plugin:expo-autolinking-plugin-shared:jar UP-TO-DATE
> Task :gradle-plugin:settings-plugin:compileKotlin UP-TO-DATE
> Task :gradle-plugin:settings-plugin:compileJava NO-SOURCE
> Task :gradle-plugin:settings-plugin:classes UP-TO-DATE
> Task :gradle-plugin:settings-plugin:jar UP-TO-DATE
> Task :expo-gradle-plugin:expo-autolinking-settings-plugin:compileKotlin UP-TO-DATE
> Task :expo-gradle-plugin:expo-autolinking-settings-plugin:compileJava NO-SOURCE
> Task :expo-gradle-plugin:expo-autolinking-settings-plugin:classes UP-TO-DATE
> Task :expo-gradle-plugin:expo-autolinking-settings-plugin:jar UP-TO-DATE
> Task :expo-gradle-plugin:expo-autolinking-plugin:checkKotlinGradlePluginConfigurationErrors SKIPPED
> Task :gradle-plugin:react-native-gradle-plugin:checkKotlinGradlePluginConfigurationErrors SKIPPED
> Task :expo-module-gradle-plugin:checkKotlinGradlePluginConfigurationErrors SKIPPED
> Task :expo-module-gradle-plugin:pluginDescriptors UP-TO-DATE
> Task :expo-module-gradle-plugin:processResources UP-TO-DATE
> Task :expo-gradle-plugin:expo-autolinking-plugin:compileKotlin UP-TO-DATE
> Task :expo-gradle-plugin:expo-autolinking-plugin:compileJava NO-SOURCE
> Task :expo-gradle-plugin:expo-autolinking-plugin:pluginDescriptors UP-TO-DATE
> Task :expo-gradle-plugin:expo-autolinking-plugin:processResources UP-TO-DATE
> Task :expo-gradle-plugin:expo-autolinking-plugin:classes UP-TO-DATE
> Task :expo-gradle-plugin:expo-autolinking-plugin:jar UP-TO-DATE
> Task :gradle-plugin:react-native-gradle-plugin:compileKotlin UP-TO-DATE
> Task :gradle-plugin:react-native-gradle-plugin:compileJava NO-SOURCE
> Task :gradle-plugin:react-native-gradle-plugin:pluginDescriptors UP-TO-DATE
> Task :gradle-plugin:react-native-gradle-plugin:processResources UP-TO-DATE
> Task :gradle-plugin:react-native-gradle-plugin:classes UP-TO-DATE
> Task :gradle-plugin:react-native-gradle-plugin:jar UP-TO-DATE
> Task :expo-module-gradle-plugin:compileKotlin UP-TO-DATE
> Task :expo-module-gradle-plugin:compileJava NO-SOURCE
> Task :expo-module-gradle-plugin:classes UP-TO-DATE
> Task :expo-module-gradle-plugin:jar UP-TO-DATE

> Configure project :
[32m[ExpoRootProject][0m Using the following versions:
  - buildTools:  [32m36.0.0[0m
  - minSdk:      [32m24[0m
  - compileSdk:  [32m36[0m
  - targetSdk:   [32m36[0m
  - ndk:         [32m27.1.12297006[0m
  - kotlin:      [32m2.1.20[0m
  - ksp:         [32m2.1.20-2.0.1[0m

> Configure project :react-native-firebase_analytics
:react-native-firebase_analytics package.json found at /Users/roman/Desktop/Projects/tarot_card_day/node_modules/@react-native-firebase/analytics/package.json
:react-native-firebase_app package.json found at /Users/roman/Desktop/Projects/tarot_card_day/node_modules/@react-native-firebase/app/package.json
:react-native-firebase_analytics:firebase.bom using default value: 34.6.0
:react-native-firebase_analytics package.json found at /Users/roman/Desktop/Projects/tarot_card_day/node_modules/@react-native-firebase/analytics/package.json
:react-native-firebase_analytics:version set from package.json: 23.7.0 (23,7,0 - 23007000)
:react-native-firebase_analytics:android.compileSdk using custom value: 36
:react-native-firebase_analytics:android.targetSdk using custom value: 36
:react-native-firebase_analytics:android.minSdk using custom value: 24
:react-native-firebase_analytics:reactNativeAndroidDir /Users/roman/Desktop/Projects/tarot_card_day/node_modules/react-native

> Configure project :react-native-firebase_app
:react-native-firebase_app package.json found at /Users/roman/Desktop/Projects/tarot_card_day/node_modules/@react-native-firebase/app/package.json
:react-native-firebase_app:firebase.bom using default value: 34.6.0
:react-native-firebase_app:play.play-services-auth using default value: 21.4.0
:react-native-firebase_app package.json found at /Users/roman/Desktop/Projects/tarot_card_day/node_modules/@react-native-firebase/app/package.json
:react-native-firebase_app:version set from package.json: 23.7.0 (23,7,0 - 23007000)
:react-native-firebase_app:android.compileSdk using custom value: 36
:react-native-firebase_app:android.targetSdk using custom value: 36
:react-native-firebase_app:android.minSdk using custom value: 24
:react-native-firebase_app:reactNativeAndroidDir /Users/roman/Desktop/Projects/tarot_card_day/node_modules/react-native

> Configure project :react-native-firebase_crashlytics
:react-native-firebase_crashlytics package.json found at /Users/roman/Desktop/Projects/tarot_card_day/node_modules/@react-native-firebase/crashlytics/package.json
:react-native-firebase_app package.json found at /Users/roman/Desktop/Projects/tarot_card_day/node_modules/@react-native-firebase/app/package.json
:react-native-firebase_crashlytics:firebase.bom using default value: 34.6.0
:react-native-firebase_crashlytics package.json found at /Users/roman/Desktop/Projects/tarot_card_day/node_modules/@react-native-firebase/crashlytics/package.json
:react-native-firebase_crashlytics:version set from package.json: 23.7.0 (23,7,0 - 23007000)
:react-native-firebase_crashlytics:android.compileSdk using custom value: 36
:react-native-firebase_crashlytics:android.targetSdk using custom value: 36
:react-native-firebase_crashlytics:android.minSdk using custom value: 24
:react-native-firebase_crashlytics:reactNativeAndroidDir /Users/roman/Desktop/Projects/tarot_card_day/node_modules/react-native

> Configure project :expo

Using expo modules
  - [32mexpo-constants[0m (18.0.13)
  - [32mexpo-modules-core[0m (3.0.29)
  - [32mexpo-shared-preferences[0m (0.1.0)
  - [33m[📦][0m [32mexpo-application[0m (7.0.8)
  - [33m[📦][0m [32mexpo-asset[0m (12.0.12)
  - [33m[📦][0m [32mexpo-cellular[0m (8.0.8)
  - [33m[📦][0m [32mexpo-clipboard[0m (8.0.8)
  - [33m[📦][0m [32mexpo-file-system[0m (19.0.21)
  - [33m[📦][0m [32mexpo-font[0m (14.0.10)
  - [33m[📦][0m [32mexpo-keep-awake[0m (15.0.8)
  - [33m[📦][0m [32mexpo-linear-gradient[0m (15.0.8)
  - [33m[📦][0m [32mexpo-linking[0m (8.0.11)
  - [33m[📦][0m [32mexpo-localization[0m (17.0.8)
  - [33m[📦][0m [32mexpo-notifications[0m (0.32.15)
  - [33m[📦][0m [32mexpo-sharing[0m (14.0.8)
  - [33m[📦][0m [32mexpo-sqlite[0m (16.0.10)


> Configure project :react-native-google-mobile-ads
:react-native-google-mobile-ads package.json found at /Users/roman/Desktop/Projects/tarot_card_day/node_modules/react-native-google-mobile-ads/package.json




**************************************************************************************************************




WARNING: react-native-google-mobile-ads requires an 'android_app_id' property inside a 'react-native-google-mobile-ads' key in your app.json.
         No android_app_id property was found in this location. The native Google Mobile Ads SDK will crash on startup without it.
         You can safely ignore this warning if you are using our Expo config plugin.




**************************************************************************************************************




:react-native-google-mobile-ads package.json found at /Users/roman/Desktop/Projects/tarot_card_day/node_modules/react-native-google-mobile-ads/package.json
:react-native-google-mobile-ads:version set from package.json: 16.0.1 (16,0,1 - 16000001)
:react-native-google-mobile-ads:android.compileSdk using custom value: 36
:react-native-google-mobile-ads:android.targetSdk using custom value: 36
:react-native-google-mobile-ads:android.minSdk using custom value: 24
:react-native-google-mobile-ads:reactNativeAndroidDir /Users/roman/Desktop/Projects/tarot_card_day/node_modules/react-native

> Configure project :react-native-iap
[NitroModules] 🔥 NitroIap is boosted by nitro!

> Configure project :react-native-nitro-modules
[NitroModules] 🔥 Your app is boosted by nitro modules!

> Task :expo-modules-core:preBuild UP-TO-DATE
> Task :expo-modules-core:preDebugBuild UP-TO-DATE
> Task :expo-shared-preferences:preBuild UP-TO-DATE
> Task :expo-shared-preferences:preDebugBuild UP-TO-DATE
> Task :expo-shared-preferences:writeDebugAarMetadata UP-TO-DATE
> Task :expo:generatePackagesList UP-TO-DATE
> Task :expo-modules-core:writeDebugAarMetadata UP-TO-DATE
> Task :react-native-applovin-max:generateCodegenSchemaFromJavaScript UP-TO-DATE
> Task :react-native-community_datetimepicker:generateCodegenSchemaFromJavaScript UP-TO-DATE
> Task :expo:preBuild UP-TO-DATE
> Task :react-native-firebase_analytics:preBuild UP-TO-DATE
> Task :expo:preDebugBuild UP-TO-DATE
> Task :react-native-firebase_analytics:preDebugBuild UP-TO-DATE
> Task :react-native-firebase_app:preBuild UP-TO-DATE
> Task :react-native-firebase_app:preDebugBuild UP-TO-DATE
> Task :react-native-firebase_analytics:writeDebugAarMetadata UP-TO-DATE
> Task :expo:writeDebugAarMetadata UP-TO-DATE
> Task :app:generateAutolinkingNewArchitectureFiles UP-TO-DATE
> Task :react-native-firebase_crashlytics:preBuild UP-TO-DATE
> Task :react-native-firebase_crashlytics:preDebugBuild UP-TO-DATE
> Task :react-native-android-widget:generateCodegenSchemaFromJavaScript UP-TO-DATE
> Task :react-native-firebase_crashlytics:writeDebugAarMetadata UP-TO-DATE
> Task :react-native-community_slider:generateCodegenSchemaFromJavaScript UP-TO-DATE
> Task :react-native-async-storage_async-storage:generateCodegenSchemaFromJavaScript UP-TO-DATE
> Task :react-native-iap:preBuild UP-TO-DATE
> Task :react-native-iap:preDebugBuild UP-TO-DATE
> Task :react-native-applovin-max:generateCodegenArtifactsFromSchema UP-TO-DATE
> Task :react-native-applovin-max:preBuild UP-TO-DATE
> Task :react-native-applovin-max:preDebugBuild UP-TO-DATE
> Task :react-native-iap:writeDebugAarMetadata UP-TO-DATE
> Task :react-native-community_datetimepicker:generateCodegenArtifactsFromSchema UP-TO-DATE
> Task :react-native-community_datetimepicker:preBuild UP-TO-DATE
> Task :react-native-community_datetimepicker:preDebugBuild UP-TO-DATE
> Task :react-native-google-mobile-ads:generateCodegenSchemaFromJavaScript UP-TO-DATE
> Task :react-native-applovin-max:writeDebugAarMetadata UP-TO-DATE
> Task :react-native-android-widget:generateCodegenArtifactsFromSchema UP-TO-DATE
> Task :react-native-android-widget:preBuild UP-TO-DATE
> Task :react-native-android-widget:preDebugBuild UP-TO-DATE
> Task :react-native-community_datetimepicker:writeDebugAarMetadata UP-TO-DATE
> Task :react-native-community_slider:generateCodegenArtifactsFromSchema UP-TO-DATE
> Task :react-native-community_slider:preBuild UP-TO-DATE
> Task :react-native-community_slider:preDebugBuild UP-TO-DATE
> Task :react-native-android-widget:writeDebugAarMetadata UP-TO-DATE
> Task :app:generateAutolinkingPackageList UP-TO-DATE
> Task :app:generateCodegenSchemaFromJavaScript SKIPPED
> Task :react-native-community_slider:writeDebugAarMetadata UP-TO-DATE
> Task :app:generateCodegenArtifactsFromSchema SKIPPED
> Task :react-native-safe-area-context:generateCodegenSchemaFromJavaScript UP-TO-DATE
> Task :react-native-async-storage_async-storage:generateCodegenArtifactsFromSchema UP-TO-DATE
> Task :react-native-nitro-modules:generateCodegenSchemaFromJavaScript UP-TO-DATE
> Task :app:generateReactNativeEntryPoint UP-TO-DATE
> Task :react-native-async-storage_async-storage:preBuild UP-TO-DATE
> Task :app:preBuild UP-TO-DATE
> Task :react-native-async-storage_async-storage:preDebugBuild UP-TO-DATE
> Task :app:preDebugBuild UP-TO-DATE
> Task :react-native-async-storage_async-storage:writeDebugAarMetadata UP-TO-DATE
> Task :app:mergeDebugNativeDebugMetadata NO-SOURCE
> Task :app:checkKotlinGradlePluginConfigurationErrors SKIPPED
> Task :react-native-screens:generateCodegenSchemaFromJavaScript UP-TO-DATE
> Task :react-native-svg:generateCodegenSchemaFromJavaScript UP-TO-DATE
> Task :react-native-nitro-modules:generateCodegenArtifactsFromSchema UP-TO-DATE
> Task :app:generateDebugBuildConfig UP-TO-DATE
> Task :app:generateDebugResValues UP-TO-DATE
> Task :app:injectCrashlyticsMappingFileIdDebug UP-TO-DATE
> Task :app:injectCrashlyticsVersionControlInfoDebug UP-TO-DATE
> Task :app:processDebugGoogleServices UP-TO-DATE
> Task :expo:generateDebugResValues UP-TO-DATE
> Task :expo:generateDebugResources UP-TO-DATE
> Task :expo:packageDebugResources UP-TO-DATE
> Task :expo-modules-core:generateDebugResValues UP-TO-DATE
> Task :react-native-firebase_app:writeDebugAarMetadata
> Task :expo-shared-preferences:generateDebugResValues UP-TO-DATE
> Task :expo-modules-core:generateDebugResources UP-TO-DATE
> Task :expo-shared-preferences:generateDebugResources UP-TO-DATE
> Task :react-native-reanimated:assertMinimalReactNativeVersionTask
> Task :react-native-reanimated:assertNewArchitectureEnabledTask SKIPPED
> Task :react-native-worklets:assertMinimalReactNativeVersionTask
> Task :react-native-worklets:assertNewArchitectureEnabledTask SKIPPED
> Task :expo-modules-core:packageDebugResources UP-TO-DATE
> Task :react-native-android-widget:generateDebugResValues UP-TO-DATE
> Task :expo-shared-preferences:packageDebugResources UP-TO-DATE
> Task :react-native-applovin-max:generateDebugResValues UP-TO-DATE
> Task :react-native-worklets:generateCodegenSchemaFromJavaScript UP-TO-DATE
> Task :react-native-android-widget:generateDebugResources UP-TO-DATE
> Task :react-native-applovin-max:generateDebugResources UP-TO-DATE
> Task :react-native-android-widget:packageDebugResources UP-TO-DATE
> Task :react-native-applovin-max:packageDebugResources UP-TO-DATE
> Task :react-native-async-storage_async-storage:generateDebugResValues UP-TO-DATE
> Task :react-native-community_datetimepicker:generateDebugResValues UP-TO-DATE
> Task :react-native-nitro-modules:prepareHeaders UP-TO-DATE
> Task :react-native-nitro-modules:preBuild UP-TO-DATE
> Task :react-native-nitro-modules:preDebugBuild UP-TO-DATE
> Task :react-native-async-storage_async-storage:generateDebugResources UP-TO-DATE
> Task :react-native-nitro-modules:writeDebugAarMetadata UP-TO-DATE
> Task :react-native-community_datetimepicker:generateDebugResources UP-TO-DATE
> Task :react-native-community_slider:generateDebugResValues UP-TO-DATE
> Task :react-native-reanimated:assertWorkletsVersionTask
> Task :react-native-community_slider:generateDebugResources UP-TO-DATE
> Task :react-native-async-storage_async-storage:packageDebugResources UP-TO-DATE
> Task :react-native-firebase_analytics:generateDebugResValues UP-TO-DATE
> Task :react-native-reanimated:generateCodegenSchemaFromJavaScript UP-TO-DATE
> Task :react-native-community_slider:packageDebugResources UP-TO-DATE
> Task :react-native-firebase_analytics:generateDebugResources UP-TO-DATE
> Task :react-native-firebase_app:generateDebugResValues UP-TO-DATE
> Task :react-native-community_datetimepicker:packageDebugResources UP-TO-DATE
> Task :react-native-firebase_crashlytics:generateDebugResValues UP-TO-DATE
> Task :expo-constants:createExpoConfig
> Task :expo-constants:preBuild
> Task :expo-constants:preDebugBuild
> Task :react-native-firebase_crashlytics:generateDebugResources UP-TO-DATE
> Task :expo-constants:writeDebugAarMetadata UP-TO-DATE
> Task :react-native-firebase_analytics:packageDebugResources UP-TO-DATE
> Task :expo-constants:generateDebugResValues UP-TO-DATE
> Task :react-native-iap:generateDebugResValues UP-TO-DATE
> Task :expo-constants:generateDebugResources UP-TO-DATE
> Task :react-native-iap:generateDebugResources UP-TO-DATE
> Task :react-native-firebase_crashlytics:packageDebugResources UP-TO-DATE
> Task :expo-constants:packageDebugResources UP-TO-DATE
> Task :react-native-nitro-modules:generateDebugResValues UP-TO-DATE
> Task :react-native-iap:packageDebugResources UP-TO-DATE
> Task :react-native-nitro-modules:generateDebugResources UP-TO-DATE
> Task :expo:extractDeepLinksDebug UP-TO-DATE
> Task :react-native-nitro-modules:packageDebugResources UP-TO-DATE
> Task :app:generateDebugResources UP-TO-DATE
> Task :expo-constants:extractDeepLinksDebug UP-TO-DATE
> Task :expo:processDebugManifest UP-TO-DATE
> Task :expo-modules-core:extractDeepLinksDebug UP-TO-DATE
> Task :expo-constants:processDebugManifest UP-TO-DATE
> Task :expo-shared-preferences:extractDeepLinksDebug UP-TO-DATE
> Task :app:packageDebugResources UP-TO-DATE
> Task :expo-modules-core:processDebugManifest UP-TO-DATE
> Task :expo-shared-preferences:processDebugManifest UP-TO-DATE
> Task :react-native-android-widget:extractDeepLinksDebug UP-TO-DATE
> Task :react-native-applovin-max:extractDeepLinksDebug UP-TO-DATE
> Task :app:parseDebugLocalResources UP-TO-DATE
> Task :react-native-android-widget:processDebugManifest UP-TO-DATE
> Task :app:createDebugCompatibleScreenManifests UP-TO-DATE
> Task :app:extractDeepLinksDebug UP-TO-DATE
> Task :react-native-async-storage_async-storage:extractDeepLinksDebug UP-TO-DATE
> Task :react-native-community_datetimepicker:extractDeepLinksDebug UP-TO-DATE
> Task :react-native-async-storage_async-storage:processDebugManifest UP-TO-DATE
> Task :react-native-applovin-max:processDebugManifest UP-TO-DATE
> Task :react-native-community_slider:extractDeepLinksDebug UP-TO-DATE
> Task :react-native-community_datetimepicker:processDebugManifest UP-TO-DATE
> Task :react-native-firebase_crashlytics:extractDeepLinksDebug UP-TO-DATE
> Task :react-native-firebase_analytics:extractDeepLinksDebug UP-TO-DATE
> Task :react-native-community_slider:processDebugManifest UP-TO-DATE
> Task :react-native-iap:extractDeepLinksDebug UP-TO-DATE
> Task :react-native-firebase_crashlytics:processDebugManifest UP-TO-DATE
> Task :react-native-firebase_analytics:processDebugManifest UP-TO-DATE
> Task :react-native-nitro-modules:extractDeepLinksDebug UP-TO-DATE
> Task :react-native-iap:processDebugManifest UP-TO-DATE
> Task :expo:compileDebugLibraryResources UP-TO-DATE
> Task :expo-constants:compileDebugLibraryResources UP-TO-DATE
> Task :react-native-firebase_app:generateDebugResources FROM-CACHE
> Task :expo:parseDebugLocalResources UP-TO-DATE
> Task :react-native-nitro-modules:processDebugManifest UP-TO-DATE
> Task :expo-constants:parseDebugLocalResources UP-TO-DATE
> Task :expo-modules-core:compileDebugLibraryResources UP-TO-DATE
> Task :expo-modules-core:parseDebugLocalResources UP-TO-DATE
> Task :expo-constants:generateDebugRFile UP-TO-DATE
> Task :expo-shared-preferences:compileDebugLibraryResources UP-TO-DATE
> Task :expo:generateDebugRFile UP-TO-DATE
> Task :react-native-safe-area-context:generateCodegenArtifactsFromSchema
> Task :expo-shared-preferences:parseDebugLocalResources UP-TO-DATE
> Task :react-native-safe-area-context:preBuild
> Task :react-native-safe-area-context:preDebugBuild
> Task :expo-modules-core:generateDebugRFile UP-TO-DATE
> Task :react-native-android-widget:compileDebugLibraryResources UP-TO-DATE
> Task :expo-shared-preferences:generateDebugRFile UP-TO-DATE
> Task :react-native-applovin-max:compileDebugLibraryResources UP-TO-DATE
> Task :react-native-safe-area-context:writeDebugAarMetadata UP-TO-DATE
> Task :react-native-async-storage_async-storage:compileDebugLibraryResources UP-TO-DATE
> Task :react-native-android-widget:parseDebugLocalResources UP-TO-DATE
> Task :react-native-safe-area-context:generateDebugResValues UP-TO-DATE
> Task :react-native-applovin-max:parseDebugLocalResources UP-TO-DATE
> Task :react-native-safe-area-context:generateDebugResources UP-TO-DATE
> Task :react-native-android-widget:generateDebugRFile UP-TO-DATE
> Task :react-native-applovin-max:generateDebugRFile UP-TO-DATE
> Task :react-native-firebase_app:packageDebugResources FROM-CACHE
> Task :react-native-async-storage_async-storage:parseDebugLocalResources UP-TO-DATE
> Task :react-native-community_datetimepicker:compileDebugLibraryResources UP-TO-DATE
> Task :react-native-community_slider:compileDebugLibraryResources UP-TO-DATE
> Task :react-native-community_datetimepicker:parseDebugLocalResources UP-TO-DATE
> Task :react-native-firebase_app:extractDeepLinksDebug FROM-CACHE
> Task :react-native-community_slider:parseDebugLocalResources UP-TO-DATE
> Task :react-native-safe-area-context:packageDebugResources UP-TO-DATE
> Task :react-native-async-storage_async-storage:generateDebugRFile UP-TO-DATE
> Task :react-native-community_datetimepicker:generateDebugRFile UP-TO-DATE
> Task :react-native-firebase_analytics:compileDebugLibraryResources UP-TO-DATE
> Task :react-native-safe-area-context:extractDeepLinksDebug UP-TO-DATE
> Task :react-native-firebase_crashlytics:compileDebugLibraryResources UP-TO-DATE
> Task :react-native-firebase_analytics:parseDebugLocalResources UP-TO-DATE
> Task :react-native-community_slider:generateDebugRFile UP-TO-DATE
> Task :react-native-firebase_crashlytics:parseDebugLocalResources UP-TO-DATE
> Task :react-native-iap:compileDebugLibraryResources UP-TO-DATE
> Task :react-native-firebase_app:processDebugManifest FROM-CACHE
> Task :react-native-iap:parseDebugLocalResources UP-TO-DATE
> Task :react-native-firebase_app:compileDebugLibraryResources FROM-CACHE
> Task :react-native-firebase_crashlytics:generateDebugRFile UP-TO-DATE
> Task :react-native-firebase_analytics:generateDebugRFile UP-TO-DATE
> Task :expo:checkKotlinGradlePluginConfigurationErrors SKIPPED
> Task :react-native-nitro-modules:compileDebugLibraryResources UP-TO-DATE
> Task :expo:generateDebugBuildConfig UP-TO-DATE
> Task :expo-constants:checkKotlinGradlePluginConfigurationErrors SKIPPED
> Task :react-native-firebase_app:parseDebugLocalResources FROM-CACHE
> Task :react-native-nitro-modules:parseDebugLocalResources UP-TO-DATE
> Task :expo-constants:generateDebugBuildConfig UP-TO-DATE
> Task :expo-modules-core:checkKotlinGradlePluginConfigurationErrors SKIPPED
> Task :react-native-google-mobile-ads:generateCodegenArtifactsFromSchema
> Task :react-native-google-mobile-ads:preBuild
> Task :react-native-google-mobile-ads:preDebugBuild
> Task :react-native-worklets:generateCodegenArtifactsFromSchema
> Task :react-native-google-mobile-ads:writeDebugAarMetadata UP-TO-DATE
> Task :react-native-safe-area-context:processDebugManifest UP-TO-DATE
> Task :react-native-google-mobile-ads:generateDebugResValues UP-TO-DATE
> Task :expo-modules-core:generateDebugBuildConfig UP-TO-DATE
> Task :react-native-nitro-modules:generateDebugRFile UP-TO-DATE
> Task :react-native-safe-area-context:compileDebugLibraryResources UP-TO-DATE
> Task :react-native-google-mobile-ads:generateDebugResources UP-TO-DATE
> Task :react-native-iap:generateDebugRFile UP-TO-DATE
> Task :expo-shared-preferences:checkKotlinGradlePluginConfigurationErrors SKIPPED
> Task :react-native-firebase_app:generateDebugRFile FROM-CACHE
> Task :react-native-screens:generateCodegenArtifactsFromSchema
> Task :react-native-screens:preBuild
> Task :react-native-screens:preDebugBuild
> Task :react-native-safe-area-context:parseDebugLocalResources UP-TO-DATE
> Task :expo-constants:javaPreCompileDebug UP-TO-DATE
> Task :react-native-reanimated:generateCodegenArtifactsFromSchema
> Task :expo-shared-preferences:generateDebugBuildConfig UP-TO-DATE
> Task :react-native-svg:generateCodegenArtifactsFromSchema
> Task :react-native-screens:writeDebugAarMetadata UP-TO-DATE
> Task :expo:javaPreCompileDebug UP-TO-DATE
> Task :react-native-svg:preBuild
> Task :react-native-svg:preDebugBuild
> Task :react-native-google-mobile-ads:packageDebugResources UP-TO-DATE
> Task :react-native-safe-area-context:generateDebugRFile UP-TO-DATE
> Task :expo-shared-preferences:javaPreCompileDebug UP-TO-DATE
> Task :react-native-screens:generateDebugResValues UP-TO-DATE
> Task :react-native-android-widget:generateDebugBuildConfig FROM-CACHE
> Task :react-native-svg:writeDebugAarMetadata UP-TO-DATE
> Task :react-native-community_datetimepicker:checkKotlinGradlePluginConfigurationErrors SKIPPED
> Task :react-native-google-mobile-ads:extractDeepLinksDebug UP-TO-DATE
> Task :react-native-android-widget:javaPreCompileDebug UP-TO-DATE
> Task :react-native-svg:generateDebugResValues UP-TO-DATE
> Task :react-native-async-storage_async-storage:generateDebugBuildConfig UP-TO-DATE
> Task :react-native-applovin-max:generateDebugBuildConfig FROM-CACHE
> Task :react-native-community_datetimepicker:generateDebugBuildConfig UP-TO-DATE
> Task :react-native-svg:generateDebugResources UP-TO-DATE
> Task :react-native-applovin-max:javaPreCompileDebug UP-TO-DATE
> Task :react-native-svg:packageDebugResources UP-TO-DATE
> Task :react-native-svg:extractDeepLinksDebug UP-TO-DATE
> Task :react-native-google-mobile-ads:processDebugManifest UP-TO-DATE
> Task :react-native-screens:generateDebugResources UP-TO-DATE
> Task :react-native-google-mobile-ads:compileDebugLibraryResources UP-TO-DATE
> Task :react-native-worklets:prepareWorkletsHeadersForPrefabs UP-TO-DATE
> Task :react-native-worklets:preBuild
> Task :react-native-worklets:preDebugBuild
> Task :react-native-google-mobile-ads:parseDebugLocalResources UP-TO-DATE
> Task :react-native-worklets:writeDebugAarMetadata UP-TO-DATE
> Task :react-native-google-mobile-ads:generateDebugRFile UP-TO-DATE
> Task :react-native-community_slider:generateDebugBuildConfig UP-TO-DATE
> Task :react-native-screens:packageDebugResources UP-TO-DATE
> Task :react-native-community_slider:javaPreCompileDebug UP-TO-DATE
> Task :react-native-screens:extractDeepLinksDebug UP-TO-DATE
> Task :react-native-screens:processDebugManifest UP-TO-DATE
> Task :react-native-worklets:generateDebugResValues UP-TO-DATE
> Task :react-native-screens:compileDebugLibraryResources UP-TO-DATE
> Task :react-native-worklets:generateDebugResources UP-TO-DATE
> Task :react-native-screens:parseDebugLocalResources UP-TO-DATE
> Task :react-native-screens:generateDebugRFile UP-TO-DATE
> Task :react-native-firebase_analytics:generateDebugBuildConfig UP-TO-DATE
> Task :react-native-reanimated:prepareReanimatedHeadersForPrefabs UP-TO-DATE
> Task :react-native-firebase_analytics:javaPreCompileDebug UP-TO-DATE
> Task :react-native-reanimated:preBuild
> Task :react-native-reanimated:preDebugBuild
> Task :react-native-firebase_app:generateDebugBuildConfig UP-TO-DATE
> Task :react-native-reanimated:writeDebugAarMetadata UP-TO-DATE
> Task :react-native-firebase_app:javaPreCompileDebug FROM-CACHE
> Task :react-native-reanimated:generateDebugResValues UP-TO-DATE
> Task :react-native-reanimated:generateDebugResources UP-TO-DATE
> Task :react-native-async-storage_async-storage:javaPreCompileDebug UP-TO-DATE
> Task :react-native-svg:processDebugManifest UP-TO-DATE
> Task :react-native-worklets:packageDebugResources UP-TO-DATE
> Task :react-native-reanimated:packageDebugResources UP-TO-DATE
> Task :react-native-svg:compileDebugLibraryResources UP-TO-DATE
> Task :react-native-worklets:extractDeepLinksDebug UP-TO-DATE
> Task :react-native-reanimated:extractDeepLinksDebug UP-TO-DATE
> Task :react-native-svg:parseDebugLocalResources UP-TO-DATE
> Task :react-native-worklets:processDebugManifest UP-TO-DATE
> Task :react-native-worklets:compileDebugLibraryResources UP-TO-DATE
> Task :react-native-reanimated:processDebugManifest UP-TO-DATE
> Task :react-native-svg:generateDebugRFile UP-TO-DATE
> Task :react-native-reanimated:compileDebugLibraryResources UP-TO-DATE
> Task :react-native-worklets:parseDebugLocalResources UP-TO-DATE
> Task :react-native-reanimated:parseDebugLocalResources UP-TO-DATE
> Task :react-native-worklets:generateDebugRFile UP-TO-DATE
> Task :react-native-reanimated:generateDebugRFile UP-TO-DATE
> Task :react-native-google-mobile-ads:checkKotlinGradlePluginConfigurationErrors SKIPPED
> Task :react-native-firebase_crashlytics:generateDebugBuildConfig UP-TO-DATE
> Task :react-native-google-mobile-ads:generateDebugBuildConfig UP-TO-DATE
> Task :react-native-firebase_crashlytics:javaPreCompileDebug UP-TO-DATE
> Task :react-native-iap:checkKotlinGradlePluginConfigurationErrors SKIPPED
> Task :react-native-iap:generateDebugBuildConfig UP-TO-DATE
> Task :react-native-nitro-modules:checkKotlinGradlePluginConfigurationErrors SKIPPED
> Task :react-native-nitro-modules:generateDebugBuildConfig UP-TO-DATE
> Task :expo-modules-core:compileDebugKotlin UP-TO-DATE
> Task :expo-modules-core:javaPreCompileDebug UP-TO-DATE
> Task :react-native-applovin-max:compileDebugJavaWithJavac UP-TO-DATE
> Task :expo-modules-core:compileDebugJavaWithJavac UP-TO-DATE
> Task :react-native-async-storage_async-storage:compileDebugJavaWithJavac UP-TO-DATE
> Task :react-native-applovin-max:bundleLibCompileToJarDebug UP-TO-DATE
> Task :expo-modules-core:bundleLibCompileToJarDebug UP-TO-DATE
> Task :react-native-async-storage_async-storage:bundleLibCompileToJarDebug UP-TO-DATE
> Task :react-native-iap:javaPreCompileDebug UP-TO-DATE
> Task :react-native-worklets:generateDebugBuildConfig UP-TO-DATE
> Task :react-native-reanimated:generateDebugBuildConfig UP-TO-DATE
> Task :react-native-reanimated:javaPreCompileDebug UP-TO-DATE
> Task :react-native-worklets:javaPreCompileDebug UP-TO-DATE
> Task :react-native-android-widget:compileDebugJavaWithJavac UP-TO-DATE
> Task :react-native-android-widget:bundleLibCompileToJarDebug UP-TO-DATE
> Task :react-native-safe-area-context:checkKotlinGradlePluginConfigurationErrors SKIPPED
> Task :react-native-safe-area-context:generateDebugBuildConfig UP-TO-DATE
> Task :react-native-community_slider:compileDebugJavaWithJavac UP-TO-DATE
> Task :react-native-community_slider:bundleLibCompileToJarDebug UP-TO-DATE
> Task :react-native-screens:checkKotlinGradlePluginConfigurationErrors SKIPPED
> Task :react-native-screens:generateDebugBuildConfig UP-TO-DATE
> Task :react-native-firebase_app:compileDebugJavaWithJavac FROM-CACHE
> Task :expo-shared-preferences:compileDebugKotlin UP-TO-DATE
> Task :expo-shared-preferences:compileDebugJavaWithJavac UP-TO-DATE
> Task :expo-shared-preferences:bundleLibCompileToJarDebug UP-TO-DATE
> Task :react-native-svg:generateDebugBuildConfig UP-TO-DATE
> Task :react-native-svg:javaPreCompileDebug UP-TO-DATE
> Task :react-native-firebase_app:bundleLibCompileToJarDebug
> Task :react-native-google-mobile-ads:compileDebugKotlin UP-TO-DATE
> Task :react-native-worklets:compileDebugJavaWithJavac UP-TO-DATE
> Task :react-native-google-mobile-ads:javaPreCompileDebug UP-TO-DATE
> Task :react-native-safe-area-context:compileDebugKotlin UP-TO-DATE
> Task :react-native-worklets:bundleLibCompileToJarDebug UP-TO-DATE
> Task :react-native-google-mobile-ads:compileDebugJavaWithJavac UP-TO-DATE
> Task :react-native-google-mobile-ads:bundleLibCompileToJarDebug UP-TO-DATE
> Task :react-native-safe-area-context:javaPreCompileDebug UP-TO-DATE
> Task :react-native-nitro-modules:compileDebugKotlin UP-TO-DATE
> Task :react-native-firebase_analytics:compileDebugJavaWithJavac UP-TO-DATE
> Task :react-native-reanimated:compileDebugJavaWithJavac UP-TO-DATE
> Task :react-native-nitro-modules:javaPreCompileDebug UP-TO-DATE
> Task :react-native-firebase_analytics:bundleLibCompileToJarDebug UP-TO-DATE
> Task :react-native-reanimated:bundleLibCompileToJarDebug UP-TO-DATE
> Task :expo:mergeDebugShaders UP-TO-DATE
> Task :react-native-firebase_crashlytics:compileDebugJavaWithJavac UP-TO-DATE
> Task :expo-modules-core:mergeDebugShaders UP-TO-DATE
> Task :expo:compileDebugShaders NO-SOURCE
> Task :expo:generateDebugAssets UP-TO-DATE
> Task :expo-modules-core:compileDebugShaders NO-SOURCE
> Task :expo-modules-core:generateDebugAssets UP-TO-DATE
> Task :react-native-firebase_crashlytics:bundleLibCompileToJarDebug UP-TO-DATE
> Task :react-native-safe-area-context:compileDebugJavaWithJavac UP-TO-DATE
> Task :react-native-nitro-modules:compileDebugJavaWithJavac UP-TO-DATE
> Task :expo:mergeDebugAssets UP-TO-DATE
> Task :expo-shared-preferences:mergeDebugShaders UP-TO-DATE
> Task :react-native-android-widget:mergeDebugShaders UP-TO-DATE
> Task :expo-modules-core:mergeDebugAssets UP-TO-DATE
> Task :react-native-nitro-modules:bundleLibCompileToJarDebug UP-TO-DATE
> Task :expo-shared-preferences:compileDebugShaders NO-SOURCE
> Task :expo-shared-preferences:generateDebugAssets UP-TO-DATE
> Task :react-native-android-widget:compileDebugShaders NO-SOURCE
> Task :react-native-android-widget:generateDebugAssets UP-TO-DATE
> Task :react-native-applovin-max:mergeDebugShaders UP-TO-DATE
> Task :expo-shared-preferences:mergeDebugAssets UP-TO-DATE
> Task :react-native-applovin-max:compileDebugShaders NO-SOURCE
> Task :react-native-async-storage_async-storage:mergeDebugShaders UP-TO-DATE
> Task :react-native-applovin-max:generateDebugAssets UP-TO-DATE
> Task :react-native-async-storage_async-storage:compileDebugShaders NO-SOURCE
> Task :react-native-async-storage_async-storage:generateDebugAssets UP-TO-DATE
> Task :react-native-applovin-max:mergeDebugAssets UP-TO-DATE
> Task :react-native-async-storage_async-storage:mergeDebugAssets UP-TO-DATE
> Task :react-native-firebase_analytics:mergeDebugShaders UP-TO-DATE
> Task :react-native-community_slider:mergeDebugShaders UP-TO-DATE
> Task :react-native-firebase_analytics:compileDebugShaders NO-SOURCE
> Task :react-native-community_slider:compileDebugShaders NO-SOURCE
> Task :react-native-firebase_analytics:generateDebugAssets UP-TO-DATE
> Task :react-native-community_slider:generateDebugAssets UP-TO-DATE
> Task :react-native-firebase_analytics:mergeDebugAssets UP-TO-DATE
> Task :react-native-community_slider:mergeDebugAssets UP-TO-DATE
> Task :react-native-firebase_crashlytics:mergeDebugShaders UP-TO-DATE
> Task :react-native-firebase_crashlytics:compileDebugShaders NO-SOURCE
> Task :react-native-firebase_crashlytics:generateDebugAssets UP-TO-DATE
> Task :react-native-firebase_crashlytics:mergeDebugAssets UP-TO-DATE
> Task :react-native-google-mobile-ads:mergeDebugShaders UP-TO-DATE
> Task :react-native-google-mobile-ads:compileDebugShaders NO-SOURCE
> Task :react-native-google-mobile-ads:generateDebugAssets UP-TO-DATE
> Task :react-native-google-mobile-ads:mergeDebugAssets UP-TO-DATE
> Task :react-native-nitro-modules:mergeDebugShaders UP-TO-DATE
> Task :react-native-nitro-modules:compileDebugShaders NO-SOURCE
> Task :react-native-nitro-modules:generateDebugAssets UP-TO-DATE
> Task :react-native-nitro-modules:mergeDebugAssets UP-TO-DATE
> Task :react-native-reanimated:mergeDebugShaders UP-TO-DATE
> Task :react-native-reanimated:compileDebugShaders NO-SOURCE
> Task :react-native-reanimated:generateDebugAssets UP-TO-DATE
> Task :react-native-reanimated:mergeDebugAssets UP-TO-DATE
> Task :react-native-worklets:mergeDebugShaders UP-TO-DATE
> Task :react-native-worklets:compileDebugShaders NO-SOURCE
> Task :react-native-worklets:generateDebugAssets UP-TO-DATE
> Task :react-native-worklets:mergeDebugAssets UP-TO-DATE
> Task :react-native-google-mobile-ads:bundleLibRuntimeToJarDebug UP-TO-DATE
> Task :react-native-nitro-modules:bundleLibRuntimeToJarDebug UP-TO-DATE
> Task :react-native-firebase_app:mergeDebugShaders
> Task :react-native-firebase_app:compileDebugShaders NO-SOURCE
> Task :react-native-firebase_app:generateDebugAssets UP-TO-DATE
> Task :react-native-firebase_app:mergeDebugAssets
> Task :react-native-async-storage_async-storage:bundleLibRuntimeToJarDebug UP-TO-DATE
> Task :react-native-community_slider:bundleLibRuntimeToJarDebug UP-TO-DATE
> Task :react-native-firebase_analytics:bundleLibRuntimeToJarDebug UP-TO-DATE
> Task :react-native-firebase_crashlytics:bundleLibRuntimeToJarDebug UP-TO-DATE
> Task :react-native-firebase_app:bundleLibRuntimeToJarDebug
> Task :react-native-applovin-max:bundleLibRuntimeToJarDebug UP-TO-DATE
> Task :react-native-reanimated:bundleLibRuntimeToJarDebug UP-TO-DATE
> Task :react-native-worklets:bundleLibRuntimeToJarDebug UP-TO-DATE
> Task :expo-shared-preferences:bundleLibRuntimeToJarDebug UP-TO-DATE
> Task :expo-modules-core:bundleLibRuntimeToJarDebug UP-TO-DATE
> Task :expo-modules-core:processDebugJavaRes UP-TO-DATE
> Task :expo-shared-preferences:processDebugJavaRes UP-TO-DATE
> Task :react-native-applovin-max:processDebugJavaRes NO-SOURCE
> Task :react-native-async-storage_async-storage:processDebugJavaRes NO-SOURCE
> Task :react-native-community_slider:processDebugJavaRes NO-SOURCE
> Task :react-native-firebase_analytics:processDebugJavaRes NO-SOURCE
> Task :react-native-firebase_app:processDebugJavaRes NO-SOURCE
> Task :react-native-firebase_crashlytics:processDebugJavaRes NO-SOURCE
> Task :react-native-google-mobile-ads:processDebugJavaRes UP-TO-DATE
> Task :react-native-nitro-modules:processDebugJavaRes UP-TO-DATE
> Task :react-native-reanimated:processDebugJavaRes NO-SOURCE
> Task :react-native-worklets:processDebugJavaRes NO-SOURCE
> Task :react-native-google-mobile-ads:bundleLibRuntimeToDirDebug UP-TO-DATE
> Task :react-native-nitro-modules:bundleLibRuntimeToDirDebug UP-TO-DATE
> Task :react-native-async-storage_async-storage:bundleLibRuntimeToDirDebug UP-TO-DATE
> Task :react-native-community_slider:bundleLibRuntimeToDirDebug UP-TO-DATE
> Task :react-native-firebase_analytics:bundleLibRuntimeToDirDebug UP-TO-DATE
> Task :react-native-firebase_crashlytics:bundleLibRuntimeToDirDebug UP-TO-DATE
> Task :react-native-firebase_app:bundleLibRuntimeToDirDebug
> Task :react-native-applovin-max:bundleLibRuntimeToDirDebug UP-TO-DATE
> Task :react-native-reanimated:bundleLibRuntimeToDirDebug
> Task :react-native-worklets:bundleLibRuntimeToDirDebug UP-TO-DATE
> Task :expo-shared-preferences:bundleLibRuntimeToDirDebug UP-TO-DATE
> Task :expo-modules-core:bundleLibRuntimeToDirDebug UP-TO-DATE
> Task :react-native-safe-area-context:bundleLibCompileToJarDebug UP-TO-DATE
> Task :react-native-android-widget:mergeDebugAssets UP-TO-DATE
> Task :react-native-android-widget:bundleLibRuntimeToJarDebug UP-TO-DATE
> Task :expo-constants:compileDebugKotlin UP-TO-DATE
> Task :react-native-screens:compileDebugKotlin UP-TO-DATE
> Task :react-native-community_datetimepicker:compileDebugKotlin UP-TO-DATE
> Task :expo-constants:compileDebugJavaWithJavac UP-TO-DATE
> Task :react-native-screens:javaPreCompileDebug UP-TO-DATE
> Task :react-native-community_datetimepicker:javaPreCompileDebug UP-TO-DATE
> Task :expo-constants:bundleLibCompileToJarDebug UP-TO-DATE
> Task :react-native-community_datetimepicker:compileDebugJavaWithJavac UP-TO-DATE
> Task :react-native-screens:compileDebugJavaWithJavac UP-TO-DATE
> Task :react-native-screens:bundleLibCompileToJarDebug UP-TO-DATE
> Task :react-native-community_datetimepicker:bundleLibCompileToJarDebug UP-TO-DATE
> Task :expo-constants:mergeDebugShaders UP-TO-DATE
> Task :expo-constants:compileDebugShaders NO-SOURCE
> Task :react-native-community_datetimepicker:mergeDebugShaders UP-TO-DATE
> Task :expo-constants:generateDebugAssets UP-TO-DATE
> Task :react-native-community_datetimepicker:compileDebugShaders NO-SOURCE
> Task :react-native-community_datetimepicker:generateDebugAssets UP-TO-DATE
> Task :expo-constants:mergeDebugAssets UP-TO-DATE
> Task :react-native-community_datetimepicker:mergeDebugAssets UP-TO-DATE
> Task :react-native-safe-area-context:mergeDebugShaders UP-TO-DATE
> Task :react-native-safe-area-context:compileDebugShaders NO-SOURCE
> Task :react-native-safe-area-context:generateDebugAssets UP-TO-DATE
> Task :react-native-community_datetimepicker:bundleLibRuntimeToJarDebug UP-TO-DATE
> Task :react-native-screens:mergeDebugShaders UP-TO-DATE
> Task :react-native-screens:compileDebugShaders NO-SOURCE
> Task :react-native-svg:compileDebugJavaWithJavac UP-TO-DATE
> Task :react-native-safe-area-context:mergeDebugAssets UP-TO-DATE
> Task :react-native-screens:generateDebugAssets UP-TO-DATE
> Task :react-native-safe-area-context:bundleLibRuntimeToJarDebug UP-TO-DATE
> Task :react-native-svg:bundleLibCompileToJarDebug UP-TO-DATE
> Task :react-native-screens:mergeDebugAssets UP-TO-DATE
> Task :react-native-screens:bundleLibRuntimeToJarDebug UP-TO-DATE
> Task :react-native-svg:mergeDebugShaders UP-TO-DATE
> Task :react-native-svg:compileDebugShaders NO-SOURCE
> Task :react-native-svg:generateDebugAssets UP-TO-DATE
> Task :react-native-svg:mergeDebugAssets UP-TO-DATE
> Task :expo-constants:bundleLibRuntimeToJarDebug UP-TO-DATE
> Task :react-native-svg:bundleLibRuntimeToJarDebug UP-TO-DATE
> Task :react-native-android-widget:processDebugJavaRes NO-SOURCE
> Task :expo-constants:processDebugJavaRes UP-TO-DATE
> Task :react-native-community_datetimepicker:processDebugJavaRes UP-TO-DATE
> Task :react-native-safe-area-context:processDebugJavaRes UP-TO-DATE
> Task :react-native-svg:processDebugJavaRes NO-SOURCE
> Task :react-native-screens:processDebugJavaRes UP-TO-DATE
> Task :react-native-community_datetimepicker:bundleLibRuntimeToDirDebug UP-TO-DATE
> Task :react-native-safe-area-context:bundleLibRuntimeToDirDebug UP-TO-DATE
> Task :react-native-android-widget:bundleLibRuntimeToDirDebug UP-TO-DATE
> Task :expo-constants:bundleLibRuntimeToDirDebug UP-TO-DATE
> Task :expo-constants:mergeDebugJniLibFolders UP-TO-DATE
> Task :expo-constants:mergeDebugNativeLibs NO-SOURCE
> Task :expo-constants:copyDebugJniLibsProjectOnly UP-TO-DATE
> Task :expo-shared-preferences:mergeDebugJniLibFolders UP-TO-DATE
> Task :expo-shared-preferences:mergeDebugNativeLibs NO-SOURCE
> Task :expo-shared-preferences:copyDebugJniLibsProjectOnly UP-TO-DATE
> Task :react-native-screens:bundleLibRuntimeToDirDebug UP-TO-DATE
> Task :react-native-android-widget:mergeDebugJniLibFolders UP-TO-DATE
> Task :react-native-android-widget:mergeDebugNativeLibs NO-SOURCE
> Task :react-native-svg:bundleLibRuntimeToDirDebug UP-TO-DATE
> Task :react-native-android-widget:copyDebugJniLibsProjectOnly UP-TO-DATE
> Task :app:checkDebugAarMetadata
> Task :react-native-async-storage_async-storage:mergeDebugJniLibFolders UP-TO-DATE
> Task :react-native-async-storage_async-storage:mergeDebugNativeLibs NO-SOURCE
> Task :react-native-applovin-max:mergeDebugJniLibFolders UP-TO-DATE
> Task :react-native-applovin-max:mergeDebugNativeLibs NO-SOURCE
> Task :react-native-applovin-max:copyDebugJniLibsProjectOnly UP-TO-DATE
> Task :react-native-community_datetimepicker:mergeDebugJniLibFolders UP-TO-DATE
> Task :react-native-community_datetimepicker:mergeDebugNativeLibs NO-SOURCE
> Task :react-native-community_datetimepicker:copyDebugJniLibsProjectOnly UP-TO-DATE
> Task :react-native-community_slider:mergeDebugJniLibFolders UP-TO-DATE
> Task :react-native-community_slider:mergeDebugNativeLibs NO-SOURCE
> Task :react-native-community_slider:copyDebugJniLibsProjectOnly UP-TO-DATE
> Task :react-native-firebase_analytics:mergeDebugJniLibFolders UP-TO-DATE
> Task :react-native-firebase_analytics:mergeDebugNativeLibs NO-SOURCE
> Task :react-native-async-storage_async-storage:copyDebugJniLibsProjectOnly UP-TO-DATE
> Task :react-native-firebase_analytics:copyDebugJniLibsProjectOnly UP-TO-DATE
> Task :react-native-firebase_app:mergeDebugJniLibFolders UP-TO-DATE
> Task :react-native-firebase_crashlytics:mergeDebugJniLibFolders UP-TO-DATE
> Task :react-native-firebase_app:mergeDebugNativeLibs NO-SOURCE
> Task :react-native-firebase_crashlytics:mergeDebugNativeLibs NO-SOURCE
> Task :react-native-firebase_crashlytics:copyDebugJniLibsProjectOnly UP-TO-DATE
> Task :react-native-google-mobile-ads:mergeDebugJniLibFolders UP-TO-DATE
> Task :react-native-firebase_app:copyDebugJniLibsProjectOnly UP-TO-DATE
> Task :react-native-reanimated:mergeDebugJniLibFolders UP-TO-DATE
> Task :react-native-google-mobile-ads:mergeDebugNativeLibs NO-SOURCE
> Task :react-native-safe-area-context:mergeDebugJniLibFolders UP-TO-DATE
> Task :react-native-google-mobile-ads:copyDebugJniLibsProjectOnly UP-TO-DATE
> Task :react-native-safe-area-context:mergeDebugNativeLibs NO-SOURCE
> Task :react-native-safe-area-context:copyDebugJniLibsProjectOnly UP-TO-DATE
> Task :react-native-svg:mergeDebugJniLibFolders UP-TO-DATE
> Task :react-native-svg:mergeDebugNativeLibs NO-SOURCE
> Task :react-native-svg:copyDebugJniLibsProjectOnly UP-TO-DATE
> Task :app:mapDebugSourceSetPaths UP-TO-DATE
> Task :react-native-iap:compileDebugKotlin UP-TO-DATE
> Task :react-native-iap:compileDebugJavaWithJavac UP-TO-DATE
> Task :react-native-iap:bundleLibCompileToJarDebug UP-TO-DATE
> Task :react-native-iap:mergeDebugShaders UP-TO-DATE
> Task :react-native-iap:compileDebugShaders NO-SOURCE
> Task :react-native-iap:generateDebugAssets UP-TO-DATE
> Task :react-native-iap:mergeDebugAssets UP-TO-DATE
> Task :expo:compileDebugKotlin UP-TO-DATE
> Task :react-native-iap:bundleLibRuntimeToJarDebug UP-TO-DATE
> Task :react-native-iap:processDebugJavaRes UP-TO-DATE
> Task :react-native-iap:bundleLibRuntimeToDirDebug UP-TO-DATE
> Task :react-native-iap:mergeDebugJniLibFolders UP-TO-DATE
> Task :expo-modules-core:configureCMakeDebug[arm64-v8a]
> Task :react-native-screens:configureCMakeDebug[arm64-v8a]
> Task :react-native-worklets:configureCMakeDebug[arm64-v8a]
> Task :react-native-worklets:generateJsonModelDebug
> Task :react-native-worklets:prefabDebugConfigurePackage UP-TO-DATE
> Task :react-native-screens:buildCMakeDebug[arm64-v8a]
> Task :react-native-screens:mergeDebugJniLibFolders UP-TO-DATE
> Task :react-native-screens:mergeDebugNativeLibs UP-TO-DATE
> Task :react-native-screens:copyDebugJniLibsProjectOnly UP-TO-DATE
> Task :expo-modules-core:buildCMakeDebug[arm64-v8a]
> Task :expo-modules-core:mergeDebugJniLibFolders UP-TO-DATE
> Task :expo-modules-core:mergeDebugNativeLibs UP-TO-DATE
> Task :expo-modules-core:copyDebugJniLibsProjectOnly UP-TO-DATE
> Task :react-native-worklets:buildCMakeDebug[arm64-v8a][worklets]
> Task :react-native-worklets:externalNativeBuildDebug
> Task :react-native-worklets:prefabDebugPackage UP-TO-DATE
> Task :react-native-worklets:mergeDebugJniLibFolders UP-TO-DATE
> Task :react-native-worklets:mergeDebugNativeLibs UP-TO-DATE
> Task :react-native-worklets:copyDebugJniLibsProjectOnly UP-TO-DATE
> Task :react-native-reanimated:configureCMakeDebug[arm64-v8a]
> Task :react-native-reanimated:generateJsonModelDebug
> Task :react-native-reanimated:prefabDebugConfigurePackage UP-TO-DATE
> Task :react-native-reanimated:buildCMakeDebug[arm64-v8a][reanimated]
> Task :react-native-reanimated:externalNativeBuildDebug
> Task :react-native-reanimated:prefabDebugPackage
> Task :react-native-reanimated:mergeDebugNativeLibs UP-TO-DATE
> Task :react-native-reanimated:copyDebugJniLibsProjectOnly UP-TO-DATE
> Task :expo:compileDebugJavaWithJavac
> Task :expo:bundleLibRuntimeToJarDebug
> Task :expo:bundleLibCompileToJarDebug
> Task :expo:processDebugJavaRes
> Task :expo:mergeDebugJniLibFolders
> Task :expo:mergeDebugNativeLibs NO-SOURCE
> Task :expo:copyDebugJniLibsProjectOnly
> Task :expo:bundleLibRuntimeToDirDebug
> Task :react-native-nitro-modules:configureCMakeDebug[arm64-v8a]
> Task :react-native-nitro-modules:buildCMakeDebug[arm64-v8a]
> Task :react-native-nitro-modules:externalNativeBuildDebug
> Task :react-native-nitro-modules:generateJsonModelDebug
> Task :react-native-nitro-modules:prefabDebugConfigurePackage
> Task :react-native-nitro-modules:prefabDebugPackage UP-TO-DATE
> Task :react-native-nitro-modules:mergeDebugJniLibFolders UP-TO-DATE
> Task :react-native-nitro-modules:mergeDebugNativeLibs UP-TO-DATE
> Task :react-native-nitro-modules:copyDebugJniLibsProjectOnly UP-TO-DATE

> Task :app:processDebugMainManifest
/Users/roman/Desktop/Projects/tarot_card_day/android/app/src/debug/AndroidManifest.xml:6:5-162 Warning:
	application@android:usesCleartextTraffic was tagged at AndroidManifest.xml:6 to replace other declarations but no other declaration present
/Users/roman/Desktop/Projects/tarot_card_day/android/app/src/debug/AndroidManifest.xml Warning:
	provider#expo.modules.filesystem.FileSystemFileProvider@android:authorities was tagged at AndroidManifest.xml:0 to replace other declarations but no other declaration present

> Task :app:mergeDebugResources
> Task :app:processDebugManifest
> Task :react-native-iap:configureCMakeDebug[arm64-v8a]
> Task :app:javaPreCompileDebug UP-TO-DATE
> Task :app:mergeDebugShaders UP-TO-DATE
> Task :app:compileDebugShaders NO-SOURCE
> Task :app:generateDebugAssets UP-TO-DATE
> Task :react-native-iap:buildCMakeDebug[arm64-v8a]
> Task :react-native-iap:mergeDebugNativeLibs UP-TO-DATE
> Task :react-native-iap:copyDebugJniLibsProjectOnly UP-TO-DATE
> Task :app:mergeDebugAssets
> Task :app:desugarDebugFileDependencies UP-TO-DATE
> Task :app:compressDebugAssets
> Task :app:checkDebugDuplicateClasses UP-TO-DATE
> Task :app:mergeExtDexDebug UP-TO-DATE
> Task :app:configureCMakeDebug[arm64-v8a]
> Task :app:mergeLibDexDebug
> Task :app:buildCMakeDebug[arm64-v8a]
> Task :app:mergeDebugJniLibFolders UP-TO-DATE
> Task :app:validateSigningDebug UP-TO-DATE
> Task :app:writeDebugAppMetadata UP-TO-DATE
> Task :app:writeDebugSigningConfigVersions UP-TO-DATE
> Task :app:processDebugManifestForPackage
> Task :app:mergeDebugNativeLibs
> Task :app:stripDebugDebugSymbols
> Task :app:processDebugResources

> Task :app:compileDebugKotlin
w: file:///Users/roman/Desktop/Projects/tarot_card_day/android/app/src/main/java/tarocard/crazybee/com/tarotcardoftheday/MainApplication.kt:9:8 'class ReactNativeHost : Any' is deprecated. Deprecated in Java.
w: file:///Users/roman/Desktop/Projects/tarot_card_day/android/app/src/main/java/tarocard/crazybee/com/tarotcardoftheday/MainApplication.kt:21:16 This declaration overrides a deprecated member but is not marked as deprecated itself. Add the '@Deprecated' annotation or suppress the diagnostic.
w: file:///Users/roman/Desktop/Projects/tarot_card_day/android/app/src/main/java/tarocard/crazybee/com/tarotcardoftheday/MainApplication.kt:21:33 'class ReactNativeHost : Any' is deprecated. Deprecated in Java.

> Task :app:compileDebugJavaWithJavac
> Task :app:dexBuilderDebug
> Task :app:processDebugJavaRes
> Task :app:mergeDebugGlobalSynthetics
> Task :app:mergeProjectDexDebug
> Task :app:mergeDebugJavaResource
> Task :app:packageDebug
> Task :app:createDebugApkListingFileRedirect
> Task :app:assembleDebug

[Incubating] Problems report is available at: file:///Users/roman/Desktop/Projects/tarot_card_day/android/build/reports/problems/problems-report.html

Deprecated Gradle features were used in this build, making it incompatible with Gradle 9.0.

You can use '--warning-mode all' to show the individual deprecation warnings and determine if they come from your own scripts or plugins.

For more on this, please refer to https://docs.gradle.org/8.14.3/userguide/command_line_interface.html#sec:command_line_warnings in the Gradle documentation.

BUILD SUCCESSFUL in 39s
528 actionable tasks: 63 executed, 11 from cache, 454 up-to-date
Starting Metro Bundler
Waiting on http://localhost:8081
› Installing /Users/roman/Desktop/Projects/tarot_card_day/android/app/build/outputs/apk/debug/app-debug.apk
› Opening tarocard.crazybee.com.tarotcardoftheday/.MainActivity on Medium_Phone_API_35

› Logs for your project will appear below.
